2021-04-02 07:52:16 +0000  Initial pipeline context: <IDEDistributionProcessingPipelineContext: 0x7fcbad6787f0; archive(resolved)='<IDEArchive: 0x7fcbc5bd6eb0>', distributionTask(resolved)='2', distributionDestination(resolved)='1', distributionMethod(resolved)='<IDEDistributionMethodiOSAdHoc: 0x7fcbc3c2ad20>', team(resolved)='<IDEProvisioningDisambiguatableBasicTeam: 0x7fcc06d0ed70; teamID='PT2JU3P7GU', teamName='Qingdao Port Anbang Changyou International Logistics Co., Ltd.', teamType='Company', username='wuliu20200519@163.com', isFreeProvisioningTeam='0'>'>
	Chain (14, self inclusive):
	<IDEDistributionProcessingPipelineContext: 0x7fcbad6787f0; archive = '<IDEArchive: 0x7fcbc5bd6eb0>', distributionMethod='<IDEDistributionMethodiOSAdHoc: 0x7fcbc3c2ad20>', team='<IDEProvisioningDisambiguatableBasicTeam: 0x7fcc06d0ed70; teamID='PT2JU3P7GU', teamName='Qingdao Port Anbang Changyou International Logistics Co., Ltd.', teamType='Company', username='wuliu20200519@163.com', isFreeProvisioningTeam='0'>'>
	<IDEDistributionProcessingPipelineContext: 0x7fcbad681870; archive = '<IDEArchive: 0x7fcbc5bd6eb0>', distributionMethod='<IDEDistributionMethodiOSAdHoc: 0x7fcbc3c2ad20>', team='<IDEProvisioningDisambiguatableBasicTeam: 0x7fcc06d0ed70; teamID='PT2JU3P7GU', teamName='Qingdao Port Anbang Changyou International Logistics Co., Ltd.', teamType='Company', username='wuliu20200519@163.com', isFreeProvisioningTeam='0'>'>
	<IDEDistributionContext: 0x7fcbae1757a0; archive = '<IDEArchive: 0x7fcbc5bd6eb0>', distributionMethod='<IDEDistributionMethodiOSAdHoc: 0x7fcbc3c2ad20>', team='<IDEProvisioningDisambiguatableBasicTeam: 0x7fcc06d0ed70; teamID='PT2JU3P7GU', teamName='Qingdao Port Anbang Changyou International Logistics Co., Ltd.', teamType='Company', username='wuliu20200519@163.com', isFreeProvisioningTeam='0'>'>
	<IDEDistributionContext: 0x7fcbae16d910; archive = '<IDEArchive: 0x7fcbc5bd6eb0>', distributionMethod='<IDEDistributionMethodiOSAdHoc: 0x7fcbc3c2ad20>', team='<IDEProvisioningDisambiguatableBasicTeam: 0x7fcc06d0ed70; teamID='PT2JU3P7GU', teamName='Qingdao Port Anbang Changyou International Logistics Co., Ltd.', teamType='Company', username='wuliu20200519@163.com', isFreeProvisioningTeam='0'>'>
	<IDEDistributionContext: 0x7fcbc8f92ff0; archive = '<IDEArchive: 0x7fcbc5bd6eb0>', distributionMethod='<IDEDistributionMethodiOSAdHoc: 0x7fcbc3c2ad20>', team='<IDEProvisioningDisambiguatableBasicTeam: 0x7fcc06d0ed70; teamID='PT2JU3P7GU', teamName='Qingdao Port Anbang Changyou International Logistics Co., Ltd.', teamType='Company', username='wuliu20200519@163.com', isFreeProvisioningTeam='0'>'>
	<IDEDistributionContext: 0x7fcbaf32f870; archive = '<IDEArchive: 0x7fcbc5bd6eb0>', distributionMethod='<IDEDistributionMethodiOSAdHoc: 0x7fcbc3c2ad20>', team='<IDEProvisioningDisambiguatableBasicTeam: 0x7fcc06d0ed70; teamID='PT2JU3P7GU', teamName='Qingdao Port Anbang Changyou International Logistics Co., Ltd.', teamType='Company', username='wuliu20200519@163.com', isFreeProvisioningTeam='0'>'>
	<IDEDistributionContext: 0x7fcbaf34b510; archive = '<IDEArchive: 0x7fcbc5bd6eb0>', distributionMethod='<IDEDistributionMethodiOSAdHoc: 0x7fcbc3c2ad20>', team='<IDEProvisioningDisambiguatableBasicTeam: 0x7fcc06d0ed70; teamID='PT2JU3P7GU', teamName='Qingdao Port Anbang Changyou International Logistics Co., Ltd.', teamType='Company', username='wuliu20200519@163.com', isFreeProvisioningTeam='0'>'>
	<IDEDistributionContext: 0x7fcbaf34f880; archive = '<IDEArchive: 0x7fcbc5bd6eb0>', distributionMethod='<IDEDistributionMethodiOSAdHoc: 0x7fcbc3c2ad20>', team='<IDEProvisioningDisambiguatableBasicTeam: 0x7fcc06d0ed70; teamID='PT2JU3P7GU', teamName='Qingdao Port Anbang Changyou International Logistics Co., Ltd.', teamType='Company', username='wuliu20200519@163.com', isFreeProvisioningTeam='0'>'>
	<IDEDistributionContext: 0x7fcbad63ffe0; archive = '<IDEArchive: 0x7fcbc5bd6eb0>', distributionMethod='<IDEDistributionMethodiOSAdHoc: 0x7fcbc3c2ad20>', team='<IDEProvisioningDisambiguatableBasicTeam: 0x7fcc06d0ed70; teamID='PT2JU3P7GU', teamName='Qingdao Port Anbang Changyou International Logistics Co., Ltd.', teamType='Company', username='wuliu20200519@163.com', isFreeProvisioningTeam='0'>'>
	<IDEDistributionContext: 0x7fcbca08fa60; archive = '<IDEArchive: 0x7fcbc5bd6eb0>', distributionMethod='<IDEDistributionMethodiOSAdHoc: 0x7fcbc3c2ad20>', team='(null)'>
	<IDEDistributionContext: 0x7fcbad614720; archive = '<IDEArchive: 0x7fcbc5bd6eb0>', distributionMethod='<IDEDistributionMethodiOSAdHoc: 0x7fcbc3c2ad20>', team='(null)'>
	<IDEDistributionContext: 0x7fcbc8aea8c0; archive = '<IDEArchive: 0x7fcbc5bd6eb0>', distributionMethod='<IDEDistributionMethodiOSAdHoc: 0x7fcbc3c2ad20>', team='(null)'>
	<IDEDistributionContext: 0x7fcbbeaab580; archive = '<IDEArchive: 0x7fcbc5bd6eb0>', distributionMethod='<IDEDistributionMethodiOSAdHoc: 0x7fcbc3c2ad20>', team='(null)'>
	<IDEDistributionContext: 0x7fcbc7b97c30; archive = '<IDEArchive: 0x7fcbc5bd6eb0>', distributionMethod='(null)', team='(null)'>
</IDEDistributionProcessingPipelineContext: 0x7fcbad6787f0>
2021-04-02 07:52:16 +0000  Processing step: IDEDistributionCreateDestRootStep
2021-04-02 07:52:16 +0000  Processing step: IDEDistributionCopyItemStep
2021-04-02 07:52:16 +0000  Running /usr/bin/ditto '-V' '/Users/nuoyuankeji/Library/Developer/Xcode/Archives/2021-04-02/迈安途货主端 2021-4-2, 3.44 PM.xcarchive/Products/Applications/迈安途货主端.app' '/var/folders/g3/khmr_5wj2c3dfx5tnhqh37ch0000gn/T/XcodeDistPipeline.~~~D0ucY7/Root/Payload/迈安途货主端.app'
2021-04-02 07:52:16 +0000  >>> Copying /Users/nuoyuankeji/Library/Developer/Xcode/Archives/2021-04-02/迈安途货主端 2021-4-2, 3.44 PM.xcarchive/Products/Applications/迈安途货主端.app 
2021-04-02 07:52:16 +0000  copying file ./_CodeSignature/CodeResources ... 
2021-04-02 07:52:16 +0000  63667 bytes for ./_CodeSignature/CodeResources
2021-04-02 07:52:16 +0000  copying file ./mapapi.bundle/images/icon_paopao_middle_right.png ... 
2021-04-02 07:52:16 +0000  1088 bytes for ./mapapi.bundle/images/icon_paopao_middle_right.png
copying file ./mapapi.bundle/images/icon_nav_bus@2x.png ... 
2021-04-02 07:52:16 +0000  958 bytes for ./mapapi.bundle/images/icon_nav_bus@2x.png
2021-04-02 07:52:16 +0000  copying file ./mapapi.bundle/images/icon_nav_start@2x.png ... 
2021-04-02 07:52:16 +0000  2712 bytes for ./mapapi.bundle/images/icon_nav_start@2x.png
2021-04-02 07:52:16 +0000  copying file ./mapapi.bundle/images/lineDash_Dot.png ... 
2021-04-02 07:52:16 +0000  803 bytes for ./mapapi.bundle/images/lineDash_Dot.png
2021-04-02 07:52:16 +0000  copying file ./mapapi.bundle/images/icon_paopao_middle_right_highlighted.png ... 
2021-04-02 07:52:16 +0000  1038 bytes for ./mapapi.bundle/images/icon_paopao_middle_right_highlighted.png
2021-04-02 07:52:16 +0000  copying file ./mapapi.bundle/images/baidumap_logo.png ... 
2021-04-02 07:52:16 +0000  951 bytes for ./mapapi.bundle/images/baidumap_logo.png
copying file ./mapapi.bundle/images/icon_action_paopao_middle_left_highlighted.png ... 
2021-04-02 07:52:16 +0000  474 bytes for ./mapapi.bundle/images/icon_action_paopao_middle_left_highlighted.png
2021-04-02 07:52:16 +0000  copying file ./mapapi.bundle/images/pin_red.png ... 
2021-04-02 07:52:16 +0000  1483 bytes for ./mapapi.bundle/images/pin_red.png
2021-04-02 07:52:16 +0000  copying file ./mapapi.bundle/images/icon_nav_waypoint.png ... 
2021-04-02 07:52:16 +0000  1619 bytes for ./mapapi.bundle/images/icon_nav_waypoint.png
2021-04-02 07:52:16 +0000  copying file ./mapapi.bundle/images/icon_nav_rail@2x.png ... 
2021-04-02 07:52:16 +0000  1005 bytes for ./mapapi.bundle/images/icon_nav_rail@2x.png
2021-04-02 07:52:16 +0000  copying file ./mapapi.bundle/images/icon_nav_rail.png ... 
2021-04-02 07:52:16 +0000  707 bytes for ./mapapi.bundle/images/icon_nav_rail.png
2021-04-02 07:52:16 +0000  copying file ./mapapi.bundle/images/icon_nav_end@2x.png ... 
2021-04-02 07:52:16 +0000  2794 bytes for ./mapapi.bundle/images/icon_nav_end@2x.png
2021-04-02 07:52:16 +0000  copying file ./mapapi.bundle/images/pin_purple@2x.png ... 
2021-04-02 07:52:16 +0000  2468 bytes for ./mapapi.bundle/images/pin_purple@2x.png
2021-04-02 07:52:16 +0000  copying file ./mapapi.bundle/images/icon_nav_end.png ... 
2021-04-02 07:52:16 +0000  1638 bytes for ./mapapi.bundle/images/icon_nav_end.png
2021-04-02 07:52:16 +0000  copying file ./mapapi.bundle/images/icon_cellphone@2x.png ... 
2021-04-02 07:52:16 +0000  2287 bytes for ./mapapi.bundle/images/icon_cellphone@2x.png
2021-04-02 07:52:16 +0000  copying file ./mapapi.bundle/images/icon_action_paopao_middle_right_highlighted.png ... 
2021-04-02 07:52:16 +0000  500 bytes for ./mapapi.bundle/images/icon_action_paopao_middle_right_highlighted.png
2021-04-02 07:52:16 +0000  copying file ./mapapi.bundle/images/icon_paopao_middle_left@2x.png ... 
2021-04-02 07:52:16 +0000  2106 bytes for ./mapapi.bundle/images/icon_paopao_middle_left@2x.png
2021-04-02 07:52:16 +0000  copying file ./mapapi.bundle/images/icon_action_paopao_middle_left_highlighted@2x.png ... 
2021-04-02 07:52:16 +0000  984 bytes for ./mapapi.bundle/images/icon_action_paopao_middle_left_highlighted@2x.png
2021-04-02 07:52:16 +0000  copying file ./mapapi.bundle/images/icon_paopao_middle_left_highlighted.png ... 
2021-04-02 07:52:16 +0000  1014 bytes for ./mapapi.bundle/images/icon_paopao_middle_left_highlighted.png
2021-04-02 07:52:16 +0000  copying file ./mapapi.bundle/images/icon_action_paopao_middle_right.png ... 
2021-04-02 07:52:16 +0000  559 bytes for ./mapapi.bundle/images/icon_action_paopao_middle_right.png
2021-04-02 07:52:16 +0000  copying file ./mapapi.bundle/images/icon_line_nofocus.png ... 
2021-04-02 07:52:16 +0000  112 bytes for ./mapapi.bundle/images/icon_line_nofocus.png
2021-04-02 07:52:16 +0000  copying file ./mapapi.bundle/images/direction_wheel@2x.png ... 
2021-04-02 07:52:16 +0000  5470 bytes for ./mapapi.bundle/images/direction_wheel@2x.png
2021-04-02 07:52:16 +0000  copying file ./mapapi.bundle/images/pin_purple.png ... 
2021-04-02 07:52:16 +0000  1481 bytes for ./mapapi.bundle/images/pin_purple.png
2021-04-02 07:52:16 +0000  copying file ./mapapi.bundle/images/icon_center_point@2x.png ... 
2021-04-02 07:52:16 +0000  2470 bytes for ./mapapi.bundle/images/icon_center_point@2x.png
2021-04-02 07:52:16 +0000  copying file ./mapapi.bundle/images/icon_nav_start.png ... 
2021-04-02 07:52:16 +0000  1639 bytes for ./mapapi.bundle/images/icon_nav_start.png
2021-04-02 07:52:16 +0000  copying file ./mapapi.bundle/images/icon_direction.png ... 
2021-04-02 07:52:16 +0000  574 bytes for ./mapapi.bundle/images/icon_direction.png
2021-04-02 07:52:16 +0000  copying file ./mapapi.bundle/images/icon_action_paopao_middle_left@2x.png ... 
2021-04-02 07:52:16 +0000  1035 bytes for ./mapapi.bundle/images/icon_action_paopao_middle_left@2x.png
2021-04-02 07:52:16 +0000  copying file ./mapapi.bundle/images/icon_paopao_middle_left.png ... 
2021-04-02 07:52:16 +0000  1059 bytes for ./mapapi.bundle/images/icon_paopao_middle_left.png
2021-04-02 07:52:16 +0000  copying file ./mapapi.bundle/images/icon_compass.png ... 
2021-04-02 07:52:16 +0000  1039 bytes for ./mapapi.bundle/images/icon_compass.png
2021-04-02 07:52:16 +0000  copying file ./mapapi.bundle/images/icon_paopao_middle_right@2x.png ... 
2021-04-02 07:52:16 +0000  2056 bytes for ./mapapi.bundle/images/icon_paopao_middle_right@2x.png
copying file ./mapapi.bundle/images/direction_wheel.png ... 
2021-04-02 07:52:16 +0000  2826 bytes for ./mapapi.bundle/images/direction_wheel.png
2021-04-02 07:52:16 +0000  copying file ./mapapi.bundle/images/icon_paopao_middle_right_highlighted@2x.png ... 
2021-04-02 07:52:16 +0000  2020 bytes for ./mapapi.bundle/images/icon_paopao_middle_right_highlighted@2x.png
2021-04-02 07:52:16 +0000  copying file ./mapapi.bundle/images/icon_center_point.png ... 
2021-04-02 07:52:16 +0000  1168 bytes for ./mapapi.bundle/images/icon_center_point.png
2021-04-02 07:52:16 +0000  copying file ./mapapi.bundle/images/lineDashTexture.png ... 
2021-04-02 07:52:16 +0000  137 bytes for ./mapapi.bundle/images/lineDashTexture.png
2021-04-02 07:52:16 +0000  copying file ./mapapi.bundle/images/icon_paopao_middle_left_highlighted@2x.png ... 
2021-04-02 07:52:16 +0000  2062 bytes for ./mapapi.bundle/images/icon_paopao_middle_left_highlighted@2x.png
2021-04-02 07:52:16 +0000  copying file ./mapapi.bundle/images/icon_action_paopao_middle_right_highlighted@2x.png ... 
2021-04-02 07:52:16 +0000  995 bytes for ./mapapi.bundle/images/icon_action_paopao_middle_right_highlighted@2x.png
2021-04-02 07:52:16 +0000  copying file ./mapapi.bundle/images/bnavi_icon_location_fixed.png ... 
2021-04-02 07:52:16 +0000  601 bytes for ./mapapi.bundle/images/bnavi_icon_location_fixed.png
2021-04-02 07:52:16 +0000  copying file ./mapapi.bundle/images/icon_cellphone.png ... 
2021-04-02 07:52:16 +0000  1594 bytes for ./mapapi.bundle/images/icon_cellphone.png
2021-04-02 07:52:16 +0000  copying file ./mapapi.bundle/images/icon_cellphone2.png ... 
2021-04-02 07:52:16 +0000  2279 bytes for ./mapapi.bundle/images/icon_cellphone2.png
2021-04-02 07:52:16 +0000  copying file ./mapapi.bundle/images/baidumap_logo@2x.png ... 
2021-04-02 07:52:16 +0000  1651 bytes for ./mapapi.bundle/images/baidumap_logo@2x.png
2021-04-02 07:52:16 +0000  copying file ./mapapi.bundle/images/icon_compass_background@2x.png ... 
2021-04-02 07:52:16 +0000  3032 bytes for ./mapapi.bundle/images/icon_compass_background@2x.png
2021-04-02 07:52:16 +0000  copying file ./mapapi.bundle/images/icon_compass_background.png ... 
2021-04-02 07:52:16 +0000  1708 bytes for ./mapapi.bundle/images/icon_compass_background.png
2021-04-02 07:52:16 +0000  copying file ./mapapi.bundle/images/icon_cellphone2@2x.png ... 
2021-04-02 07:52:16 +0000  4025 bytes for ./mapapi.bundle/images/icon_cellphone2@2x.png
2021-04-02 07:52:16 +0000  copying file ./mapapi.bundle/images/pin_green@2x.png ... 
2021-04-02 07:52:16 +0000  2409 bytes for ./mapapi.bundle/images/pin_green@2x.png
2021-04-02 07:52:16 +0000  copying file ./mapapi.bundle/images/bnavi_icon_location_fixed@2x.png ... 
2021-04-02 07:52:16 +0000  1458 bytes for ./mapapi.bundle/images/bnavi_icon_location_fixed@2x.png
2021-04-02 07:52:16 +0000  copying file ./mapapi.bundle/images/lineDash_Square.png ... 
2021-04-02 07:52:16 +0000  137 bytes for ./mapapi.bundle/images/lineDash_Square.png
2021-04-02 07:52:16 +0000  copying file ./mapapi.bundle/images/icon_nav_waypoint@2x.png ... 
2021-04-02 07:52:16 +0000  2587 bytes for ./mapapi.bundle/images/icon_nav_waypoint@2x.png
2021-04-02 07:52:16 +0000  copying file ./mapapi.bundle/images/line_texture.png ... 
2021-04-02 07:52:16 +0000  133 bytes for ./mapapi.bundle/images/line_texture.png
2021-04-02 07:52:16 +0000  copying file ./mapapi.bundle/images/pin_green.png ... 
2021-04-02 07:52:16 +0000  1493 bytes for ./mapapi.bundle/images/pin_green.png
2021-04-02 07:52:16 +0000  copying file ./mapapi.bundle/images/icon_nav_bus.png ... 
2021-04-02 07:52:16 +0000  584 bytes for ./mapapi.bundle/images/icon_nav_bus.png
2021-04-02 07:52:16 +0000  copying file ./mapapi.bundle/images/icon_direction@2x.png ... 
2021-04-02 07:52:16 +0000  521 bytes for ./mapapi.bundle/images/icon_direction@2x.png
2021-04-02 07:52:16 +0000  copying file ./mapapi.bundle/images/icon_compass@2x.png ... 
2021-04-02 07:52:16 +0000  2026 bytes for ./mapapi.bundle/images/icon_compass@2x.png
copying file ./mapapi.bundle/images/icon_action_paopao_middle_left.png ... 
2021-04-02 07:52:16 +0000  521 bytes for ./mapapi.bundle/images/icon_action_paopao_middle_left.png
2021-04-02 07:52:16 +0000  copying file ./mapapi.bundle/images/icon_action_paopao_middle_right@2x.png ... 
2021-04-02 07:52:16 +0000  1049 bytes for ./mapapi.bundle/images/icon_action_paopao_middle_right@2x.png
2021-04-02 07:52:16 +0000  copying file ./mapapi.bundle/images/pin_red@2x.png ... 
2021-04-02 07:52:16 +0000  2379 bytes for ./mapapi.bundle/images/pin_red@2x.png
2021-04-02 07:52:16 +0000  copying file ./mapapi.bundle/files/cfg/a/DVVersion.cfg ... 
2021-04-02 07:52:16 +0000  441 bytes for ./mapapi.bundle/files/cfg/a/DVVersion.cfg
2021-04-02 07:52:16 +0000  copying file ./mapapi.bundle/files/cfg/a/DVStreet.cfg ... 
2021-04-02 07:52:16 +0000  24669 bytes for ./mapapi.bundle/files/cfg/a/DVStreet.cfg
2021-04-02 07:52:16 +0000  copying file ./mapapi.bundle/files/cfg/a/DVHotcity.cfg ... 
2021-04-02 07:52:16 +0000  1937 bytes for ./mapapi.bundle/files/cfg/a/DVHotcity.cfg
2021-04-02 07:52:16 +0000  copying file ./mapapi.bundle/files/cfg/a/DVDirectory.cfg ... 
2021-04-02 07:52:16 +0000  75971 bytes for ./mapapi.bundle/files/cfg/a/DVDirectory.cfg
2021-04-02 07:52:16 +0000  copying file ./mapapi.bundle/files/cfg/a/DVHotMap.cfg ... 
2021-04-02 07:52:16 +0000  11174 bytes for ./mapapi.bundle/files/cfg/a/DVHotMap.cfg
2021-04-02 07:52:16 +0000  copying file ./mapapi.bundle/files/cfg/a/DVSDirectory.cfg ... 
2021-04-02 07:52:16 +0000  7483 bytes for ./mapapi.bundle/files/cfg/a/DVSDirectory.cfg
2021-04-02 07:52:16 +0000  copying file ./mapapi.bundle/files/cfg/a/mode_1/reduct.sty ... 
2021-04-02 07:52:16 +0000  466440 bytes for ./mapapi.bundle/files/cfg/a/mode_1/reduct.sty
2021-04-02 07:52:16 +0000  copying file ./mapapi.bundle/files/cfg/a/mode_1/map.sty ... 
2021-04-02 07:52:16 +0000  914240 bytes for ./mapapi.bundle/files/cfg/a/mode_1/map.sty
2021-04-02 07:52:16 +0000  copying file ./mapapi.bundle/files/cfg/a/mode_1/traffic.sty ... 
2021-04-02 07:52:16 +0000  468628 bytes for ./mapapi.bundle/files/cfg/a/mode_1/traffic.sty
2021-04-02 07:52:16 +0000  copying file ./mapapi.bundle/files/cfg/a/mode_1/traffic.rs ... 
2021-04-02 07:52:16 +0000  131766 bytes for ./mapapi.bundle/files/cfg/a/mode_1/traffic.rs
copying file ./mapapi.bundle/files/cfg/a/mode_1/map.rs ... 
2021-04-02 07:52:16 +0000  1137093 bytes for ./mapapi.bundle/files/cfg/a/mode_1/map.rs
copying file ./mapapi.bundle/files/cfg/a/mode_1/reduct.rs ... 
2021-04-02 07:52:16 +0000  279264 bytes for ./mapapi.bundle/files/cfg/a/mode_1/reduct.rs
2021-04-02 07:52:16 +0000  copying file ./mapapi.bundle/files/cfg/idrres/baseindoormap.sty ... 
2021-04-02 07:52:16 +0000  67607 bytes for ./mapapi.bundle/files/cfg/idrres/baseindoormap.sty
copying file ./mapapi.bundle/files/cfg/idrres/ResPackIndoorMap.rs ... 
2021-04-02 07:52:16 +0000  617039 bytes for ./mapapi.bundle/files/cfg/idrres/ResPackIndoorMap.rs
copying file ./mapapi.bundle/files/cfg/idrres/DVIndoor.cfg ... 
2021-04-02 07:52:16 +0000  14524 bytes for ./mapapi.bundle/files/cfg/idrres/DVIndoor.cfg
2021-04-02 07:52:16 +0000  copying file ./GoodsinfoVC.nib/objects-11.0+.nib ... 
2021-04-02 07:52:16 +0000  4069 bytes for ./GoodsinfoVC.nib/objects-11.0+.nib
2021-04-02 07:52:16 +0000  copying file ./GoodsinfoVC.nib/runtime.nib ... 
2021-04-02 07:52:16 +0000  3402 bytes for ./GoodsinfoVC.nib/runtime.nib
2021-04-02 07:52:16 +0000  copying file ./LaunchImage-1100-Portrait-2436h@3x.png ... 
2021-04-02 07:52:16 +0000  828180 bytes for ./LaunchImage-1100-Portrait-2436h@3x.png
2021-04-02 07:52:16 +0000  copying file ./LaunchImage@2x.png ... 
2021-04-02 07:52:16 +0000  295706 bytes for ./LaunchImage@2x.png
copying file ./StaypayCell.nib ... 
2021-04-02 07:52:16 +0000  10772 bytes for ./StaypayCell.nib
2021-04-02 07:52:16 +0000  copying file ./AddaddressVC.nib/objects-11.0+.nib ... 
2021-04-02 07:52:16 +0000  15837 bytes for ./AddaddressVC.nib/objects-11.0+.nib
2021-04-02 07:52:16 +0000  copying file ./AddaddressVC.nib/runtime.nib ... 
2021-04-02 07:52:16 +0000  15160 bytes for ./AddaddressVC.nib/runtime.nib
2021-04-02 07:52:16 +0000  copying file ./AppIcon20x20@2x.png ... 
2021-04-02 07:52:16 +0000  3196 bytes for ./AppIcon20x20@2x.png
2021-04-02 07:52:16 +0000  copying file ./VoucherRemindView.nib ... 
2021-04-02 07:52:16 +0000  3457 bytes for ./VoucherRemindView.nib
2021-04-02 07:52:16 +0000  copying file ./AlipaySDK.bundle/shutdown@2x.png ... 
2021-04-02 07:52:16 +0000  222 bytes for ./AlipaySDK.bundle/shutdown@2x.png
2021-04-02 07:52:16 +0000  copying file ./AlipaySDK.bundle/refresh@2x.png ... 
2021-04-02 07:52:16 +0000  605 bytes for ./AlipaySDK.bundle/refresh@2x.png
2021-04-02 07:52:16 +0000  copying file ./AlipaySDK.bundle/refresh_click@2x.png ... 
2021-04-02 07:52:16 +0000  1824 bytes for ./AlipaySDK.bundle/refresh_click@2x.png
2021-04-02 07:52:16 +0000  copying file ./AlipaySDK.bundle/shutdown_click@2x.png ... 
2021-04-02 07:52:16 +0000  1319 bytes for ./AlipaySDK.bundle/shutdown_click@2x.png
2021-04-02 07:52:16 +0000  copying file ./AlipaySDK.bundle/bridge.js ... 
2021-04-02 07:52:16 +0000  1781 bytes for ./AlipaySDK.bundle/bridge.js
2021-04-02 07:52:16 +0000  copying file ./AlipaySDK.bundle/bar@2x.png ... 
2021-04-02 07:52:16 +0000  1011 bytes for ./AlipaySDK.bundle/bar@2x.png
2021-04-02 07:52:16 +0000  copying file ./AlipaySDK.bundle/alipay_msp_refresh@2x.png ... 
2021-04-02 07:52:16 +0000  663 bytes for ./AlipaySDK.bundle/alipay_msp_refresh@2x.png
2021-04-02 07:52:16 +0000  copying file ./AlipaySDK.bundle/alipay_msp_back@2x.png ... 
2021-04-02 07:52:16 +0000  409 bytes for ./AlipaySDK.bundle/alipay_msp_back@2x.png
2021-04-02 07:52:16 +0000  copying file ./VoucherDetail.storyboardc/VoucherDetailViewController.nib/objects-11.0+.nib ... 
2021-04-02 07:52:16 +0000  997 bytes for ./VoucherDetail.storyboardc/VoucherDetailViewController.nib/objects-11.0+.nib
2021-04-02 07:52:16 +0000  copying file ./VoucherDetail.storyboardc/VoucherDetailViewController.nib/runtime.nib ... 
2021-04-02 07:52:16 +0000  997 bytes for ./VoucherDetail.storyboardc/VoucherDetailViewController.nib/runtime.nib
2021-04-02 07:52:16 +0000  copying file ./VoucherDetail.storyboardc/Info.plist ... 
2021-04-02 07:52:16 +0000  179 bytes for ./VoucherDetail.storyboardc/Info.plist
2021-04-02 07:52:16 +0000  copying file ./VoucherDetail.storyboardc/ouL-aU-ddw-view-Cv2-4p-u34.nib/objects-11.0+.nib ... 
2021-04-02 07:52:16 +0000  8464 bytes for ./VoucherDetail.storyboardc/ouL-aU-ddw-view-Cv2-4p-u34.nib/objects-11.0+.nib
2021-04-02 07:52:16 +0000  copying file ./VoucherDetail.storyboardc/ouL-aU-ddw-view-Cv2-4p-u34.nib/runtime.nib ... 
2021-04-02 07:52:16 +0000  8533 bytes for ./VoucherDetail.storyboardc/ouL-aU-ddw-view-Cv2-4p-u34.nib/runtime.nib
2021-04-02 07:52:16 +0000  copying file ./AppIcon57x57.png ... 
2021-04-02 07:52:16 +0000  4475 bytes for ./AppIcon57x57.png
2021-04-02 07:52:16 +0000  copying file ./迈安途货主端 ... 
2021-04-02 07:52:17 +0000  31522064 bytes for ./迈安途货主端
2021-04-02 07:52:17 +0000  copying file ./MyHeaderCell.nib ... 
2021-04-02 07:52:17 +0000  19708 bytes for ./MyHeaderCell.nib
2021-04-02 07:52:17 +0000  copying file ./CertificationViewController.nib/objects-11.0+.nib ... 
2021-04-02 07:52:17 +0000  8292 bytes for ./CertificationViewController.nib/objects-11.0+.nib
2021-04-02 07:52:17 +0000  copying file ./CertificationViewController.nib/runtime.nib ... 
2021-04-02 07:52:17 +0000  7639 bytes for ./CertificationViewController.nib/runtime.nib
2021-04-02 07:52:17 +0000  copying file ./AppIcon20x20@3x.png ... 
2021-04-02 07:52:17 +0000  4635 bytes for ./AppIcon20x20@3x.png
2021-04-02 07:52:17 +0000  copying file ./AppIcon29x29.png ... 
2021-04-02 07:52:17 +0000  2002 bytes for ./AppIcon29x29.png
2021-04-02 07:52:17 +0000  copying file ./MJRefresh.bundle/arrow@2x.png ... 
2021-04-02 07:52:17 +0000  1033 bytes for ./MJRefresh.bundle/arrow@2x.png
2021-04-02 07:52:17 +0000  copying file ./JWAddress.plist ... 
2021-04-02 07:52:17 +0000  46771 bytes for ./JWAddress.plist
copying file ./LaunchImage-568h@2x.png ... 
2021-04-02 07:52:17 +0000  305792 bytes for ./LaunchImage-568h@2x.png
2021-04-02 07:52:17 +0000  copying file ./AppIcon60x60@2x.png ... 
2021-04-02 07:52:17 +0000  12704 bytes for ./AppIcon60x60@2x.png
2021-04-02 07:52:17 +0000  copying file ./MainServerCell.nib ... 
2021-04-02 07:52:17 +0000  6022 bytes for ./MainServerCell.nib
2021-04-02 07:52:17 +0000  copying file ./MainfreightCell.nib ... 
2021-04-02 07:52:17 +0000  8529 bytes for ./MainfreightCell.nib
2021-04-02 07:52:17 +0000  copying file ./OrderinfoCell.nib ... 
2021-04-02 07:52:17 +0000  9599 bytes for ./OrderinfoCell.nib
2021-04-02 07:52:17 +0000  copying file ./AppIcon29x29@2x.png ... 
2021-04-02 07:52:17 +0000  4521 bytes for ./AppIcon29x29@2x.png
2021-04-02 07:52:17 +0000  copying file ./LaunchImage-800-667h@2x.png ... 
2021-04-02 07:52:17 +0000  380503 bytes for ./LaunchImage-800-667h@2x.png
copying file ./AppIcon40x40@3x.png ... 
2021-04-02 07:52:17 +0000  12704 bytes for ./AppIcon40x40@3x.png
copying file ./AppIcon57x57@2x.png ... 
2021-04-02 07:52:17 +0000  11715 bytes for ./AppIcon57x57@2x.png
2021-04-02 07:52:17 +0000  copying file ./liveness_headpose.model ... 
2021-04-02 07:52:17 +0000  956988 bytes for ./liveness_headpose.model
copying file ./VoucherSectionHeaderView.nib ... 
2021-04-02 07:52:17 +0000  4843 bytes for ./VoucherSectionHeaderView.nib
2021-04-02 07:52:17 +0000  copying file ./AppIcon40x40@2x.png ... 
2021-04-02 07:52:17 +0000  7068 bytes for ./AppIcon40x40@2x.png
2021-04-02 07:52:17 +0000  copying file ./ChangePwdViewController.nib/objects-11.0+.nib ... 
2021-04-02 07:52:17 +0000  9523 bytes for ./ChangePwdViewController.nib/objects-11.0+.nib
2021-04-02 07:52:17 +0000  copying file ./ChangePwdViewController.nib/runtime.nib ... 
2021-04-02 07:52:17 +0000  8849 bytes for ./ChangePwdViewController.nib/runtime.nib
2021-04-02 07:52:17 +0000  copying file ./LaunchImage-1200-Portrait-2688h@3x.png ... 
2021-04-02 07:52:17 +0000  1017386 bytes for ./LaunchImage-1200-Portrait-2688h@3x.png
copying file ./AppIcon29x29@3x.png ... 
2021-04-02 07:52:17 +0000  8121 bytes for ./AppIcon29x29@3x.png
copying file ./AppIcon60x60@3x.png ... 
2021-04-02 07:52:17 +0000  24035 bytes for ./AppIcon60x60@3x.png
2021-04-02 07:52:17 +0000  copying file ./Base.lproj/Main.storyboardc/UIViewController-BYZ-38-t0r.nib ... 
2021-04-02 07:52:17 +0000  916 bytes for ./Base.lproj/Main.storyboardc/UIViewController-BYZ-38-t0r.nib
2021-04-02 07:52:17 +0000  copying file ./Base.lproj/Main.storyboardc/BYZ-38-t0r-view-8bC-Xf-vdC.nib ... 
2021-04-02 07:52:17 +0000  2052 bytes for ./Base.lproj/Main.storyboardc/BYZ-38-t0r-view-8bC-Xf-vdC.nib
2021-04-02 07:52:17 +0000  copying file ./Base.lproj/Main.storyboardc/Info.plist ... 
2021-04-02 07:52:17 +0000  258 bytes for ./Base.lproj/Main.storyboardc/Info.plist
2021-04-02 07:52:17 +0000  copying file ./Base.lproj/LaunchScreen.storyboardc/01J-lp-oVM-view-Ze5-6b-2t3.nib ... 
2021-04-02 07:52:17 +0000  2053 bytes for ./Base.lproj/LaunchScreen.storyboardc/01J-lp-oVM-view-Ze5-6b-2t3.nib
2021-04-02 07:52:17 +0000  copying file ./Base.lproj/LaunchScreen.storyboardc/UIViewController-01J-lp-oVM.nib ... 
2021-04-02 07:52:17 +0000  896 bytes for ./Base.lproj/LaunchScreen.storyboardc/UIViewController-01J-lp-oVM.nib
2021-04-02 07:52:17 +0000  copying file ./Base.lproj/LaunchScreen.storyboardc/Info.plist ... 
2021-04-02 07:52:17 +0000  258 bytes for ./Base.lproj/LaunchScreen.storyboardc/Info.plist
2021-04-02 07:52:17 +0000  copying file ./liveness_face.model ... 
2021-04-02 07:52:17 +0000  4887760 bytes for ./liveness_face.model
copying file ./VoucherDetailViewCell.nib ... 
2021-04-02 07:52:17 +0000  5330 bytes for ./VoucherDetailViewCell.nib
copying file ./route_car.png ... 
2021-04-02 07:52:17 +0000  3918 bytes for ./route_car.png
2021-04-02 07:52:17 +0000  copying file ./liveness_eye.model ... 
2021-04-02 07:52:17 +0000  432312 bytes for ./liveness_eye.model
copying file ./Assets.car ... 
2021-04-02 07:52:17 +0000  11333480 bytes for ./Assets.car
copying file ./InvoiceHeaderView.nib ... 
2021-04-02 07:52:17 +0000  16959 bytes for ./InvoiceHeaderView.nib
2021-04-02 07:52:17 +0000  copying file ./OrderChangeInfoView.nib ... 
2021-04-02 07:52:17 +0000  8489 bytes for ./OrderChangeInfoView.nib
2021-04-02 07:52:17 +0000  copying file ./Accounts ... 
2021-04-02 07:52:17 +0000  102 bytes for ./Accounts
2021-04-02 07:52:17 +0000  copying file ./CLLiveCheckBundle.bundle/images/timeOut.png ... 
2021-04-02 07:52:17 +0000  104709 bytes for ./CLLiveCheckBundle.bundle/images/timeOut.png
2021-04-02 07:52:17 +0000  copying file ./CLLiveCheckBundle.bundle/images/icon_glasses.png ... 
2021-04-02 07:52:17 +0000  18262 bytes for ./CLLiveCheckBundle.bundle/images/icon_glasses.png
2021-04-02 07:52:17 +0000  copying file ./CLLiveCheckBundle.bundle/images/voiceClose.png ... 
2021-04-02 07:52:17 +0000  1952 bytes for ./CLLiveCheckBundle.bundle/images/voiceClose.png
2021-04-02 07:52:17 +0000  copying file ./CLLiveCheckBundle.bundle/images/icon_phone.png ... 
2021-04-02 07:52:17 +0000  16765 bytes for ./CLLiveCheckBundle.bundle/images/icon_phone.png
2021-04-02 07:52:17 +0000  copying file ./CLLiveCheckBundle.bundle/images/icon_light.png ... 
2021-04-02 07:52:17 +0000  17982 bytes for ./CLLiveCheckBundle.bundle/images/icon_light.png
2021-04-02 07:52:17 +0000  copying file ./CLLiveCheckBundle.bundle/images/title_back@2x.png ... 
2021-04-02 07:52:17 +0000  807 bytes for ./CLLiveCheckBundle.bundle/images/title_back@2x.png
2021-04-02 07:52:17 +0000  copying file ./CLLiveCheckBundle.bundle/images/voiceOpen.png ... 
2021-04-02 07:52:17 +0000  1495 bytes for ./CLLiveCheckBundle.bundle/images/voiceOpen.png
2021-04-02 07:52:17 +0000  copying file ./CLLiveCheckBundle.bundle/images/icon_time.png ... 
2021-04-02 07:52:17 +0000  18048 bytes for ./CLLiveCheckBundle.bundle/images/icon_time.png
2021-04-02 07:52:17 +0000  copying file ./CLLiveCheckBundle.bundle/gifImages/blink.gif ... 
2021-04-02 07:52:17 +0000  14088 bytes for ./CLLiveCheckBundle.bundle/gifImages/blink.gif
2021-04-02 07:52:17 +0000  copying file ./CLLiveCheckBundle.bundle/gifImages/nod.gif ... 
2021-04-02 07:52:17 +0000  15308 bytes for ./CLLiveCheckBundle.bundle/gifImages/nod.gif
2021-04-02 07:52:17 +0000  copying file ./CLLiveCheckBundle.bundle/gifImages/yaw.gif ... 
2021-04-02 07:52:17 +0000  15336 bytes for ./CLLiveCheckBundle.bundle/gifImages/yaw.gif
2021-04-02 07:52:17 +0000  copying file ./CLLiveCheckBundle.bundle/gifImages/mouth.gif ... 
2021-04-02 07:52:17 +0000  13820 bytes for ./CLLiveCheckBundle.bundle/gifImages/mouth.gif
2021-04-02 07:52:17 +0000  copying file ./CLLiveCheckBundle.bundle/models/track.model ... 
2021-04-02 07:52:17 +0000  215072 bytes for ./CLLiveCheckBundle.bundle/models/track.model
2021-04-02 07:52:17 +0000  copying file ./CLLiveCheckBundle.bundle/models/detect.model ... 
2021-04-02 07:52:17 +0000  512032 bytes for ./CLLiveCheckBundle.bundle/models/detect.model
2021-04-02 07:52:17 +0000  copying file ./CLLiveCheckBundle.bundle/models/liveness.model ... 
2021-04-02 07:52:17 +0000  162848 bytes for ./CLLiveCheckBundle.bundle/models/liveness.model
2021-04-02 07:52:17 +0000  copying file ./CLLiveCheckBundle.bundle/sounds/checklive_blink.mp3 ... 
2021-04-02 07:52:17 +0000  42731 bytes for ./CLLiveCheckBundle.bundle/sounds/checklive_blink.mp3
2021-04-02 07:52:17 +0000  copying file ./CLLiveCheckBundle.bundle/sounds/checklive_yaw.mp3 ... 
2021-04-02 07:52:17 +0000  42731 bytes for ./CLLiveCheckBundle.bundle/sounds/checklive_yaw.mp3
2021-04-02 07:52:17 +0000  copying file ./CLLiveCheckBundle.bundle/sounds/checklive_nod.mp3 ... 
2021-04-02 07:52:17 +0000  42731 bytes for ./CLLiveCheckBundle.bundle/sounds/checklive_nod.mp3
2021-04-02 07:52:17 +0000  copying file ./CLLiveCheckBundle.bundle/sounds/checklive_mouth.mp3 ... 
2021-04-02 07:52:17 +0000  42731 bytes for ./CLLiveCheckBundle.bundle/sounds/checklive_mouth.mp3
2021-04-02 07:52:17 +0000  copying file ./CLLiveCheckBundle.bundle/Info.plist ... 
2021-04-02 07:52:17 +0000  815 bytes for ./CLLiveCheckBundle.bundle/Info.plist
2021-04-02 07:52:17 +0000  copying file ./LoginViewController.nib/objects-11.0+.nib ... 
2021-04-02 07:52:17 +0000  9280 bytes for ./LoginViewController.nib/objects-11.0+.nib
2021-04-02 07:52:17 +0000  copying file ./LoginViewController.nib/runtime.nib ... 
2021-04-02 07:52:17 +0000  8619 bytes for ./LoginViewController.nib/runtime.nib
2021-04-02 07:52:17 +0000  copying file ./LaunchImage-800-Portrait-736h@3x.png ... 
2021-04-02 07:52:17 +0000  927849 bytes for ./LaunchImage-800-Portrait-736h@3x.png
2021-04-02 07:52:17 +0000  copying file ./PieceOrderViewCell.nib ... 
2021-04-02 07:52:17 +0000  12572 bytes for ./PieceOrderViewCell.nib
2021-04-02 07:52:17 +0000  copying file ./MainAddressCell.nib ... 
2021-04-02 07:52:17 +0000  10319 bytes for ./MainAddressCell.nib
2021-04-02 07:52:17 +0000  copying file ./CarTypeVC.nib/objects-11.0+.nib ... 
2021-04-02 07:52:17 +0000  11219 bytes for ./CarTypeVC.nib/objects-11.0+.nib
2021-04-02 07:52:17 +0000  copying file ./CarTypeVC.nib/runtime.nib ... 
2021-04-02 07:52:17 +0000  10555 bytes for ./CarTypeVC.nib/runtime.nib
2021-04-02 07:52:17 +0000  copying file ./LaunchImage-700@2x.png ... 
2021-04-02 07:52:17 +0000  298502 bytes for ./LaunchImage-700@2x.png
copying file ./ForBiddenGoodsView.nib ... 
2021-04-02 07:52:17 +0000  2230 bytes for ./ForBiddenGoodsView.nib
copying file ./AlterPopView.nib ... 
2021-04-02 07:52:17 +0000  7529 bytes for ./AlterPopView.nib
2021-04-02 07:52:17 +0000  copying file ./LaunchImage-700-568h@2x.png ... 
2021-04-02 07:52:17 +0000  283960 bytes for ./LaunchImage-700-568h@2x.png
copying file ./SFAddressViewCell.nib ... 
2021-04-02 07:52:17 +0000  5983 bytes for ./SFAddressViewCell.nib
2021-04-02 07:52:17 +0000  copying file ./OrderListCell.nib ... 
2021-04-02 07:52:17 +0000  10820 bytes for ./OrderListCell.nib
2021-04-02 07:52:17 +0000  copying file ./LaunchImage-1200-Portrait-1792h@2x.png ... 
2021-04-02 07:52:17 +0000  491749 bytes for ./LaunchImage-1200-Portrait-1792h@2x.png
2021-04-02 07:52:17 +0000  copying file ./RegisteredViewController.nib/objects-11.0+.nib ... 
2021-04-02 07:52:17 +0000  15354 bytes for ./RegisteredViewController.nib/objects-11.0+.nib
2021-04-02 07:52:17 +0000  copying file ./RegisteredViewController.nib/runtime.nib ... 
2021-04-02 07:52:17 +0000  14692 bytes for ./RegisteredViewController.nib/runtime.nib
2021-04-02 07:52:17 +0000  copying file ./OrderBeizhuCell.nib ... 
2021-04-02 07:52:17 +0000  6767 bytes for ./OrderBeizhuCell.nib
2021-04-02 07:52:17 +0000  copying file ./OrderPingjiaCell.nib ... 
2021-04-02 07:52:17 +0000  16268 bytes for ./OrderPingjiaCell.nib
2021-04-02 07:52:17 +0000  copying file ./AddressbookVC.nib/objects-11.0+.nib ... 
2021-04-02 07:52:17 +0000  6623 bytes for ./AddressbookVC.nib/objects-11.0+.nib
2021-04-02 07:52:17 +0000  copying file ./AddressbookVC.nib/runtime.nib ... 
2021-04-02 07:52:17 +0000  6020 bytes for ./AddressbookVC.nib/runtime.nib
2021-04-02 07:52:17 +0000  copying file ./MyCenterCell.nib ... 
2021-04-02 07:52:17 +0000  3667 bytes for ./MyCenterCell.nib
2021-04-02 07:52:17 +0000  copying file ./OrderoneCell.nib ... 
2021-04-02 07:52:17 +0000  5268 bytes for ./OrderoneCell.nib
2021-04-02 07:52:17 +0000  copying file ./MainInfoTableViewCell.nib ... 
2021-04-02 07:52:17 +0000  7716 bytes for ./MainInfoTableViewCell.nib
2021-04-02 07:52:17 +0000  copying file ./FinishCell.nib ... 
2021-04-02 07:52:17 +0000  11718 bytes for ./FinishCell.nib
2021-04-02 07:52:17 +0000  copying file ./LaunchImage.png ... 
2021-04-02 07:52:17 +0000  82788 bytes for ./LaunchImage.png
2021-04-02 07:52:17 +0000  copying file ./embedded.mobileprovision ... 
2021-04-02 07:52:17 +0000  7736 bytes for ./embedded.mobileprovision
2021-04-02 07:52:17 +0000  copying file ./SettingViewController.nib/objects-11.0+.nib ... 
2021-04-02 07:52:17 +0000  9932 bytes for ./SettingViewController.nib/objects-11.0+.nib
2021-04-02 07:52:17 +0000  copying file ./SettingViewController.nib/runtime.nib ... 
2021-04-02 07:52:17 +0000  9268 bytes for ./SettingViewController.nib/runtime.nib
2021-04-02 07:52:17 +0000  copying file ./MyFooterCell.nib ... 
2021-04-02 07:52:17 +0000  10007 bytes for ./MyFooterCell.nib
2021-04-02 07:52:17 +0000  copying file ./VoucherView.nib ... 
2021-04-02 07:52:17 +0000  3864 bytes for ./VoucherView.nib
2021-04-02 07:52:17 +0000  copying file ./AddressbookCell.nib ... 
2021-04-02 07:52:17 +0000  7650 bytes for ./AddressbookCell.nib
2021-04-02 07:52:17 +0000  copying file ./OrderAddressCell.nib ... 
2021-04-02 07:52:17 +0000  11984 bytes for ./OrderAddressCell.nib
2021-04-02 07:52:17 +0000  copying file ./Info.plist ... 
2021-04-02 07:52:17 +0000  3296 bytes for ./Info.plist
2021-04-02 07:52:17 +0000  copying file ./PkgInfo ... 
2021-04-02 07:52:17 +0000  8 bytes for ./PkgInfo
2021-04-02 07:52:17 +0000  copying file ./LocationViewController.nib/objects-11.0+.nib ... 
2021-04-02 07:52:17 +0000  5908 bytes for ./LocationViewController.nib/objects-11.0+.nib
2021-04-02 07:52:17 +0000  copying file ./LocationViewController.nib/runtime.nib ... 
2021-04-02 07:52:17 +0000  5234 bytes for ./LocationViewController.nib/runtime.nib
2021-04-02 07:52:17 +0000  copying file ./MaininforCell.nib ... 
2021-04-02 07:52:17 +0000  10224 bytes for ./MaininforCell.nib
2021-04-02 07:52:17 +0000  /usr/bin/ditto exited with 0
2021-04-02 07:52:17 +0000  Processing step: IDEDistributionEmbedProfileStep
2021-04-02 07:52:17 +0000  Processing step: IDEDistributionInfoPlistStep
2021-04-02 07:52:17 +0000  Skipping step: IDEDistributionInfoPlistStep because it said so
2021-04-02 07:52:17 +0000  Processing step: IDEDistributionAppThinningPlistStep
2021-04-02 07:52:17 +0000  Skipping step: IDEDistributionAppThinningPlistStep because it said so
2021-04-02 07:52:17 +0000  Processing step: IDEDistributionCompileBitcodeStep
2021-04-02 07:52:17 +0000  Skipping step: IDEDistributionCompileBitcodeStep because it said so
2021-04-02 07:52:17 +0000  Processing step: IDEDistributionCodeSlimmingStep
2021-04-02 07:52:17 +0000  Processing step: IDEDistributionCopyBCSymbolMapsStep
2021-04-02 07:52:17 +0000  Skipping step: IDEDistributionCopyBCSymbolMapsStep because it said so
2021-04-02 07:52:17 +0000  Processing step: IDEDistributionSymbolsStep
2021-04-02 07:52:17 +0000  Skipping step: IDEDistributionSymbolsStep because it said so
2021-04-02 07:52:17 +0000  Processing step: IDEDistributionAppThinningStep
2021-04-02 07:52:17 +0000  Skipping step: IDEDistributionAppThinningStep because it said so
2021-04-02 07:52:17 +0000  Processing step: IDEDistributionArchThinningStep
2021-04-02 07:52:17 +0000  Running /Applications/Xcode.app/Contents/Developer/Toolchains/XcodeDefault.xctoolchain/usr/bin/lipo '/var/folders/g3/khmr_5wj2c3dfx5tnhqh37ch0000gn/T/XcodeDistPipeline.~~~D0ucY7/Root/Payload/迈安途货主端.app/迈安途货主端' '-verify_arch' 'arm64e'
2021-04-02 07:52:17 +0000  /Applications/Xcode.app/Contents/Developer/Toolchains/XcodeDefault.xctoolchain/usr/bin/lipo exited with 1
2021-04-02 07:52:17 +0000  Skipping architecture thinning for item "迈安途货主端" because arch "arm64e" wasn't found
2021-04-02 07:52:17 +0000  Processing step: IDEDistributionODRStep
2021-04-02 07:52:17 +0000  Processing step: IDEDistributionStripXattrsStep
2021-04-02 07:52:17 +0000  Running /usr/bin/xattr '-crs' '/var/folders/g3/khmr_5wj2c3dfx5tnhqh37ch0000gn/T/XcodeDistPipeline.~~~D0ucY7/Root/Payload/迈安途货主端.app'
2021-04-02 07:52:17 +0000  /usr/bin/xattr exited with 0
2021-04-02 07:52:17 +0000  Processing step: IDEDistributionCodesignStep
2021-04-02 07:52:17 +0000  Entitlements for <IDEDistributionItem: 0x7fcbaf354420; bundleID='cn.maitexun.wlxtclient', path='<DVTFilePath:0x7fcbc93fc0a0:'/Users/nuoyuankeji/Library/Developer/Xcode/Archives/2021-04-02/迈安途货主端 2021-4-2, 3.44 PM.xcarchive/Products/Applications/迈安途货主端.app'>', codeSigningInfo='<_DVTCodeSigningInformation_Path: 0x7fcbae135600; isSigned='1', isAdHocSigned='0', signingCertificate='<DVTSigningCertificate: 0x7fcbc89486a0; name='iPhone Distribution: Qingdao Port Anbang Changyou International Logistics Co., Ltd. (PT2JU3P7GU)', hash='2731F0E62E60B8322603F449866A73EDBAF6C076', serialNumber='<DVTSigningCertificateSerialNumber: 0x7fcbe9a80530>', certificateKinds='(
    "1.2.840.113635.100.6.1.4"
), issueDate='2021-03-16 09:18:45 +0000''>', entitlements='{
    "application-identifier" = "PT2JU3P7GU.cn.maitexun.wlxtclient";
    "aps-environment" = production;
    "beta-reports-active" = 1;
    "com.apple.developer.associated-domains" =     (
        "applinks:wlxt.maitexun.cn"
    );
    "com.apple.developer.team-identifier" = PT2JU3P7GU;
    "get-task-allow" = 0;
}', teamID='PT2JU3P7GU', identifier='cn.maitexun.wlxtclient', executablePath='<DVTFilePath:0x7fcbc4b25eb0:'/Users/nuoyuankeji/Library/Developer/Xcode/Archives/2021-04-02/迈安途货主端 2021-4-2, 3.44 PM.xcarchive/Products/Applications/迈安途货主端.app/迈安途货主端'>', hardenedRuntime='0'>'>: {
    "application-identifier" = "PT2JU3P7GU.cn.maitexun.wlxtclient";
    "aps-environment" = production;
    "com.apple.developer.associated-domains" =     (
        "applinks:wlxt.maitexun.cn"
    );
    "com.apple.developer.team-identifier" = PT2JU3P7GU;
    "get-task-allow" = 0;
}
2021-04-02 07:52:17 +0000  Entitlements for <IDEDistributionItem: 0x7fcbaf354420; bundleID='cn.maitexun.wlxtclient', path='<DVTFilePath:0x7fcbc93fc0a0:'/Users/nuoyuankeji/Library/Developer/Xcode/Archives/2021-04-02/迈安途货主端 2021-4-2, 3.44 PM.xcarchive/Products/Applications/迈安途货主端.app'>', codeSigningInfo='<_DVTCodeSigningInformation_Path: 0x7fcbae135600; isSigned='1', isAdHocSigned='0', signingCertificate='<DVTSigningCertificate: 0x7fcbcd6dbd70; name='iPhone Distribution: Qingdao Port Anbang Changyou International Logistics Co., Ltd. (PT2JU3P7GU)', hash='2731F0E62E60B8322603F449866A73EDBAF6C076', serialNumber='<DVTSigningCertificateSerialNumber: 0x7fcbf87aebe0>', certificateKinds='(
    "1.2.840.113635.100.6.1.4"
), issueDate='2021-03-16 09:18:45 +0000''>', entitlements='{
    "application-identifier" = "PT2JU3P7GU.cn.maitexun.wlxtclient";
    "aps-environment" = production;
    "beta-reports-active" = 1;
    "com.apple.developer.associated-domains" =     (
        "applinks:wlxt.maitexun.cn"
    );
    "com.apple.developer.team-identifier" = PT2JU3P7GU;
    "get-task-allow" = 0;
}', teamID='PT2JU3P7GU', identifier='cn.maitexun.wlxtclient', executablePath='<DVTFilePath:0x7fcbc4b25eb0:'/Users/nuoyuankeji/Library/Developer/Xcode/Archives/2021-04-02/迈安途货主端 2021-4-2, 3.44 PM.xcarchive/Products/Applications/迈安途货主端.app/迈安途货主端'>', hardenedRuntime='0'>'> are: {
    "application-identifier" = "PT2JU3P7GU.cn.maitexun.wlxtclient";
    "aps-environment" = production;
    "com.apple.developer.associated-domains" =     (
        "applinks:wlxt.maitexun.cn"
    );
    "com.apple.developer.team-identifier" = PT2JU3P7GU;
    "get-task-allow" = 0;
}
2021-04-02 07:52:17 +0000  Writing entitlements for <IDEDistributionItem: 0x7fcbaf354420; bundleID='cn.maitexun.wlxtclient', path='<DVTFilePath:0x7fcbc93fc0a0:'/Users/nuoyuankeji/Library/Developer/Xcode/Archives/2021-04-02/迈安途货主端 2021-4-2, 3.44 PM.xcarchive/Products/Applications/迈安途货主端.app'>', codeSigningInfo='<_DVTCodeSigningInformation_Path: 0x7fcbae135600; isSigned='1', isAdHocSigned='0', signingCertificate='<DVTSigningCertificate: 0x7fcbad529490; name='iPhone Distribution: Qingdao Port Anbang Changyou International Logistics Co., Ltd. (PT2JU3P7GU)', hash='2731F0E62E60B8322603F449866A73EDBAF6C076', serialNumber='<DVTSigningCertificateSerialNumber: 0x7fcbe4599a90>', certificateKinds='(
    "1.2.840.113635.100.6.1.4"
), issueDate='2021-03-16 09:18:45 +0000''>', entitlements='{
    "application-identifier" = "PT2JU3P7GU.cn.maitexun.wlxtclient";
    "aps-environment" = production;
    "beta-reports-active" = 1;
    "com.apple.developer.associated-domains" =     (
        "applinks:wlxt.maitexun.cn"
    );
    "com.apple.developer.team-identifier" = PT2JU3P7GU;
    "get-task-allow" = 0;
}', teamID='PT2JU3P7GU', identifier='cn.maitexun.wlxtclient', executablePath='<DVTFilePath:0x7fcbc4b25eb0:'/Users/nuoyuankeji/Library/Developer/Xcode/Archives/2021-04-02/迈安途货主端 2021-4-2, 3.44 PM.xcarchive/Products/Applications/迈安途货主端.app/迈安途货主端'>', hardenedRuntime='0'>'> to: /var/folders/g3/khmr_5wj2c3dfx5tnhqh37ch0000gn/T/XcodeDistPipeline.~~~D0ucY7/entitlements~~~tEtTOp
2021-04-02 07:52:17 +0000  Running /usr/bin/codesign '-vvv' '--force' '--sign' '2731F0E62E60B8322603F449866A73EDBAF6C076' '--entitlements' '/var/folders/g3/khmr_5wj2c3dfx5tnhqh37ch0000gn/T/XcodeDistPipeline.~~~D0ucY7/entitlements~~~tEtTOp' '--preserve-metadata=identifier,flags,runtime' '/var/folders/g3/khmr_5wj2c3dfx5tnhqh37ch0000gn/T/XcodeDistPipeline.~~~D0ucY7/Root/Payload/迈安途货主端.app'
2021-04-02 07:52:17 +0000  /var/folders/g3/khmr_5wj2c3dfx5tnhqh37ch0000gn/T/XcodeDistPipeline.~~~D0ucY7/Root/Payload/迈安途货主端.app: replacing existing signature
2021-04-02 07:52:18 +0000  /var/folders/g3/khmr_5wj2c3dfx5tnhqh37ch0000gn/T/XcodeDistPipeline.~~~D0ucY7/Root/Payload/迈安途货主端.app: signed app bundle with Mach-O universal (armv7 arm64) [cn.maitexun.wlxtclient]
2021-04-02 07:52:18 +0000  /usr/bin/codesign exited with 0
2021-04-02 07:52:18 +0000  Processing step: IDEDistributionZipODRItemStep
2021-04-02 07:52:18 +0000  Skipping step: IDEDistributionZipODRItemStep because it said so
2021-04-02 07:52:18 +0000  Processing step: IDEDistributionCreateIPAStep
2021-04-02 07:52:18 +0000  Running /usr/bin/ditto '-V' '-c' '-k' '--norsrc' '/var/folders/g3/khmr_5wj2c3dfx5tnhqh37ch0000gn/T/XcodeDistPipeline.~~~D0ucY7/Root' '/var/folders/g3/khmr_5wj2c3dfx5tnhqh37ch0000gn/T/XcodeDistPipeline.~~~D0ucY7/Packages/迈安途货主端.ipa'
2021-04-02 07:52:18 +0000  >>> Copying /var/folders/g3/khmr_5wj2c3dfx5tnhqh37ch0000gn/T/XcodeDistPipeline.~~~D0ucY7/Root 
2021-04-02 07:52:18 +0000  copying file ./Payload/迈安途货主端.app/_CodeSignature/CodeResources ... 
2021-04-02 07:52:18 +0000  63667 bytes for ./Payload/迈安途货主端.app/_CodeSignature/CodeResources
2021-04-02 07:52:18 +0000  copying file ./Payload/迈安途货主端.app/mapapi.bundle/images/icon_paopao_middle_right.png ... 
2021-04-02 07:52:18 +0000  1088 bytes for ./Payload/迈安途货主端.app/mapapi.bundle/images/icon_paopao_middle_right.png
copying file ./Payload/迈安途货主端.app/mapapi.bundle/images/icon_nav_bus@2x.png ... 
2021-04-02 07:52:18 +0000  958 bytes for ./Payload/迈安途货主端.app/mapapi.bundle/images/icon_nav_bus@2x.png
2021-04-02 07:52:18 +0000  copying file ./Payload/迈安途货主端.app/mapapi.bundle/images/icon_nav_start@2x.png ... 
2021-04-02 07:52:18 +0000  2712 bytes for ./Payload/迈安途货主端.app/mapapi.bundle/images/icon_nav_start@2x.png
2021-04-02 07:52:18 +0000  copying file ./Payload/迈安途货主端.app/mapapi.bundle/images/lineDash_Dot.png ... 
2021-04-02 07:52:18 +0000  803 bytes for ./Payload/迈安途货主端.app/mapapi.bundle/images/lineDash_Dot.png
copying file ./Payload/迈安途货主端.app/mapapi.bundle/images/icon_paopao_middle_right_highlighted.png ... 
2021-04-02 07:52:18 +0000  1038 bytes for ./Payload/迈安途货主端.app/mapapi.bundle/images/icon_paopao_middle_right_highlighted.png
2021-04-02 07:52:18 +0000  copying file ./Payload/迈安途货主端.app/mapapi.bundle/images/baidumap_logo.png ... 
2021-04-02 07:52:18 +0000  951 bytes for ./Payload/迈安途货主端.app/mapapi.bundle/images/baidumap_logo.png
2021-04-02 07:52:18 +0000  copying file ./Payload/迈安途货主端.app/mapapi.bundle/images/icon_action_paopao_middle_left_highlighted.png ... 
2021-04-02 07:52:18 +0000  474 bytes for ./Payload/迈安途货主端.app/mapapi.bundle/images/icon_action_paopao_middle_left_highlighted.png
copying file ./Payload/迈安途货主端.app/mapapi.bundle/images/pin_red.png ... 
2021-04-02 07:52:18 +0000  1483 bytes for ./Payload/迈安途货主端.app/mapapi.bundle/images/pin_red.png
2021-04-02 07:52:18 +0000  copying file ./Payload/迈安途货主端.app/mapapi.bundle/images/icon_nav_waypoint.png ... 
2021-04-02 07:52:18 +0000  1619 bytes for ./Payload/迈安途货主端.app/mapapi.bundle/images/icon_nav_waypoint.png
2021-04-02 07:52:18 +0000  copying file ./Payload/迈安途货主端.app/mapapi.bundle/images/icon_nav_rail@2x.png ... 
2021-04-02 07:52:18 +0000  1005 bytes for ./Payload/迈安途货主端.app/mapapi.bundle/images/icon_nav_rail@2x.png
2021-04-02 07:52:18 +0000  copying file ./Payload/迈安途货主端.app/mapapi.bundle/images/icon_nav_rail.png ... 
2021-04-02 07:52:18 +0000  707 bytes for ./Payload/迈安途货主端.app/mapapi.bundle/images/icon_nav_rail.png
copying file ./Payload/迈安途货主端.app/mapapi.bundle/images/icon_nav_end@2x.png ... 
2021-04-02 07:52:18 +0000  2794 bytes for ./Payload/迈安途货主端.app/mapapi.bundle/images/icon_nav_end@2x.png
2021-04-02 07:52:18 +0000  copying file ./Payload/迈安途货主端.app/mapapi.bundle/images/pin_purple@2x.png ... 
2021-04-02 07:52:18 +0000  2468 bytes for ./Payload/迈安途货主端.app/mapapi.bundle/images/pin_purple@2x.png
2021-04-02 07:52:18 +0000  copying file ./Payload/迈安途货主端.app/mapapi.bundle/images/icon_nav_end.png ... 
2021-04-02 07:52:18 +0000  1638 bytes for ./Payload/迈安途货主端.app/mapapi.bundle/images/icon_nav_end.png
2021-04-02 07:52:18 +0000  copying file ./Payload/迈安途货主端.app/mapapi.bundle/images/icon_cellphone@2x.png ... 
2021-04-02 07:52:18 +0000  2287 bytes for ./Payload/迈安途货主端.app/mapapi.bundle/images/icon_cellphone@2x.png
2021-04-02 07:52:18 +0000  copying file ./Payload/迈安途货主端.app/mapapi.bundle/images/icon_action_paopao_middle_right_highlighted.png ... 
500 bytes for ./Payload/迈安途货主端.app/mapapi.bundle/images/icon_action_paopao_middle_right_highlighted.png
2021-04-02 07:52:18 +0000  copying file ./Payload/迈安途货主端.app/mapapi.bundle/images/icon_paopao_middle_left@2x.png ... 
2021-04-02 07:52:18 +0000  2106 bytes for ./Payload/迈安途货主端.app/mapapi.bundle/images/icon_paopao_middle_left@2x.png
2021-04-02 07:52:18 +0000  copying file ./Payload/迈安途货主端.app/mapapi.bundle/images/icon_action_paopao_middle_left_highlighted@2x.png ... 
2021-04-02 07:52:18 +0000  984 bytes for ./Payload/迈安途货主端.app/mapapi.bundle/images/icon_action_paopao_middle_left_highlighted@2x.png
2021-04-02 07:52:18 +0000  copying file ./Payload/迈安途货主端.app/mapapi.bundle/images/icon_paopao_middle_left_highlighted.png ... 
2021-04-02 07:52:18 +0000  1014 bytes for ./Payload/迈安途货主端.app/mapapi.bundle/images/icon_paopao_middle_left_highlighted.png
2021-04-02 07:52:18 +0000  copying file ./Payload/迈安途货主端.app/mapapi.bundle/images/icon_action_paopao_middle_right.png ... 
2021-04-02 07:52:18 +0000  559 bytes for ./Payload/迈安途货主端.app/mapapi.bundle/images/icon_action_paopao_middle_right.png
2021-04-02 07:52:18 +0000  copying file ./Payload/迈安途货主端.app/mapapi.bundle/images/icon_line_nofocus.png ... 
2021-04-02 07:52:18 +0000  112 bytes for ./Payload/迈安途货主端.app/mapapi.bundle/images/icon_line_nofocus.png
copying file ./Payload/迈安途货主端.app/mapapi.bundle/images/direction_wheel@2x.png ... 
2021-04-02 07:52:18 +0000  5470 bytes for ./Payload/迈安途货主端.app/mapapi.bundle/images/direction_wheel@2x.png
2021-04-02 07:52:18 +0000  copying file ./Payload/迈安途货主端.app/mapapi.bundle/images/pin_purple.png ... 
2021-04-02 07:52:18 +0000  1481 bytes for ./Payload/迈安途货主端.app/mapapi.bundle/images/pin_purple.png
2021-04-02 07:52:18 +0000  copying file ./Payload/迈安途货主端.app/mapapi.bundle/images/icon_center_point@2x.png ... 
2021-04-02 07:52:18 +0000  2470 bytes for ./Payload/迈安途货主端.app/mapapi.bundle/images/icon_center_point@2x.png
copying file ./Payload/迈安途货主端.app/mapapi.bundle/images/icon_nav_start.png ... 
2021-04-02 07:52:18 +0000  1639 bytes for ./Payload/迈安途货主端.app/mapapi.bundle/images/icon_nav_start.png
2021-04-02 07:52:18 +0000  copying file ./Payload/迈安途货主端.app/mapapi.bundle/images/icon_direction.png ... 
2021-04-02 07:52:18 +0000  574 bytes for ./Payload/迈安途货主端.app/mapapi.bundle/images/icon_direction.png
2021-04-02 07:52:18 +0000  copying file ./Payload/迈安途货主端.app/mapapi.bundle/images/icon_action_paopao_middle_left@2x.png ... 
2021-04-02 07:52:18 +0000  1035 bytes for ./Payload/迈安途货主端.app/mapapi.bundle/images/icon_action_paopao_middle_left@2x.png
copying file ./Payload/迈安途货主端.app/mapapi.bundle/images/icon_paopao_middle_left.png ... 
2021-04-02 07:52:18 +0000  1059 bytes for ./Payload/迈安途货主端.app/mapapi.bundle/images/icon_paopao_middle_left.png
2021-04-02 07:52:18 +0000  copying file ./Payload/迈安途货主端.app/mapapi.bundle/images/icon_compass.png ... 
2021-04-02 07:52:18 +0000  1039 bytes for ./Payload/迈安途货主端.app/mapapi.bundle/images/icon_compass.png
copying file ./Payload/迈安途货主端.app/mapapi.bundle/images/icon_paopao_middle_right@2x.png ... 
2021-04-02 07:52:18 +0000  2056 bytes for ./Payload/迈安途货主端.app/mapapi.bundle/images/icon_paopao_middle_right@2x.png
2021-04-02 07:52:18 +0000  copying file ./Payload/迈安途货主端.app/mapapi.bundle/images/direction_wheel.png ... 
2021-04-02 07:52:18 +0000  2826 bytes for ./Payload/迈安途货主端.app/mapapi.bundle/images/direction_wheel.png
2021-04-02 07:52:18 +0000  copying file ./Payload/迈安途货主端.app/mapapi.bundle/images/icon_paopao_middle_right_highlighted@2x.png ... 
2021-04-02 07:52:18 +0000  2020 bytes for ./Payload/迈安途货主端.app/mapapi.bundle/images/icon_paopao_middle_right_highlighted@2x.png
copying file ./Payload/迈安途货主端.app/mapapi.bundle/images/icon_center_point.png ... 
2021-04-02 07:52:18 +0000  1168 bytes for ./Payload/迈安途货主端.app/mapapi.bundle/images/icon_center_point.png
2021-04-02 07:52:18 +0000  copying file ./Payload/迈安途货主端.app/mapapi.bundle/images/lineDashTexture.png ... 
2021-04-02 07:52:18 +0000  137 bytes for ./Payload/迈安途货主端.app/mapapi.bundle/images/lineDashTexture.png
copying file ./Payload/迈安途货主端.app/mapapi.bundle/images/icon_paopao_middle_left_highlighted@2x.png ... 
2021-04-02 07:52:18 +0000  2062 bytes for ./Payload/迈安途货主端.app/mapapi.bundle/images/icon_paopao_middle_left_highlighted@2x.png
2021-04-02 07:52:18 +0000  copying file ./Payload/迈安途货主端.app/mapapi.bundle/images/icon_action_paopao_middle_right_highlighted@2x.png ... 
2021-04-02 07:52:18 +0000  995 bytes for ./Payload/迈安途货主端.app/mapapi.bundle/images/icon_action_paopao_middle_right_highlighted@2x.png
2021-04-02 07:52:18 +0000  copying file ./Payload/迈安途货主端.app/mapapi.bundle/images/bnavi_icon_location_fixed.png ... 
2021-04-02 07:52:18 +0000  601 bytes for ./Payload/迈安途货主端.app/mapapi.bundle/images/bnavi_icon_location_fixed.png
copying file ./Payload/迈安途货主端.app/mapapi.bundle/images/icon_cellphone.png ... 
2021-04-02 07:52:18 +0000  1594 bytes for ./Payload/迈安途货主端.app/mapapi.bundle/images/icon_cellphone.png
2021-04-02 07:52:18 +0000  copying file ./Payload/迈安途货主端.app/mapapi.bundle/images/icon_cellphone2.png ... 
2021-04-02 07:52:18 +0000  2279 bytes for ./Payload/迈安途货主端.app/mapapi.bundle/images/icon_cellphone2.png
2021-04-02 07:52:18 +0000  copying file ./Payload/迈安途货主端.app/mapapi.bundle/images/baidumap_logo@2x.png ... 
2021-04-02 07:52:18 +0000  1651 bytes for ./Payload/迈安途货主端.app/mapapi.bundle/images/baidumap_logo@2x.png
2021-04-02 07:52:18 +0000  copying file ./Payload/迈安途货主端.app/mapapi.bundle/images/icon_compass_background@2x.png ... 
2021-04-02 07:52:18 +0000  3032 bytes for ./Payload/迈安途货主端.app/mapapi.bundle/images/icon_compass_background@2x.png
2021-04-02 07:52:18 +0000  copying file ./Payload/迈安途货主端.app/mapapi.bundle/images/icon_compass_background.png ... 
2021-04-02 07:52:18 +0000  1708 bytes for ./Payload/迈安途货主端.app/mapapi.bundle/images/icon_compass_background.png
2021-04-02 07:52:18 +0000  copying file ./Payload/迈安途货主端.app/mapapi.bundle/images/icon_cellphone2@2x.png ... 
2021-04-02 07:52:18 +0000  4025 bytes for ./Payload/迈安途货主端.app/mapapi.bundle/images/icon_cellphone2@2x.png
2021-04-02 07:52:18 +0000  copying file ./Payload/迈安途货主端.app/mapapi.bundle/images/pin_green@2x.png ... 
2021-04-02 07:52:18 +0000  2409 bytes for ./Payload/迈安途货主端.app/mapapi.bundle/images/pin_green@2x.png
2021-04-02 07:52:18 +0000  copying file ./Payload/迈安途货主端.app/mapapi.bundle/images/bnavi_icon_location_fixed@2x.png ... 
2021-04-02 07:52:18 +0000  1458 bytes for ./Payload/迈安途货主端.app/mapapi.bundle/images/bnavi_icon_location_fixed@2x.png
2021-04-02 07:52:18 +0000  copying file ./Payload/迈安途货主端.app/mapapi.bundle/images/lineDash_Square.png ... 
2021-04-02 07:52:18 +0000  137 bytes for ./Payload/迈安途货主端.app/mapapi.bundle/images/lineDash_Square.png
copying file ./Payload/迈安途货主端.app/mapapi.bundle/images/icon_nav_waypoint@2x.png ... 
2021-04-02 07:52:18 +0000  2587 bytes for ./Payload/迈安途货主端.app/mapapi.bundle/images/icon_nav_waypoint@2x.png
2021-04-02 07:52:18 +0000  copying file ./Payload/迈安途货主端.app/mapapi.bundle/images/line_texture.png ... 
2021-04-02 07:52:18 +0000  133 bytes for ./Payload/迈安途货主端.app/mapapi.bundle/images/line_texture.png
copying file ./Payload/迈安途货主端.app/mapapi.bundle/images/pin_green.png ... 
2021-04-02 07:52:18 +0000  1493 bytes for ./Payload/迈安途货主端.app/mapapi.bundle/images/pin_green.png
copying file ./Payload/迈安途货主端.app/mapapi.bundle/images/icon_nav_bus.png ... 
584 bytes for ./Payload/迈安途货主端.app/mapapi.bundle/images/icon_nav_bus.png
copying file ./Payload/迈安途货主端.app/mapapi.bundle/images/icon_direction@2x.png ... 
2021-04-02 07:52:18 +0000  521 bytes for ./Payload/迈安途货主端.app/mapapi.bundle/images/icon_direction@2x.png
copying file ./Payload/迈安途货主端.app/mapapi.bundle/images/icon_compass@2x.png ... 
2021-04-02 07:52:18 +0000  2026 bytes for ./Payload/迈安途货主端.app/mapapi.bundle/images/icon_compass@2x.png
2021-04-02 07:52:18 +0000  copying file ./Payload/迈安途货主端.app/mapapi.bundle/images/icon_action_paopao_middle_left.png ... 
2021-04-02 07:52:18 +0000  521 bytes for ./Payload/迈安途货主端.app/mapapi.bundle/images/icon_action_paopao_middle_left.png
copying file ./Payload/迈安途货主端.app/mapapi.bundle/images/icon_action_paopao_middle_right@2x.png ... 
2021-04-02 07:52:18 +0000  1049 bytes for ./Payload/迈安途货主端.app/mapapi.bundle/images/icon_action_paopao_middle_right@2x.png
2021-04-02 07:52:18 +0000  copying file ./Payload/迈安途货主端.app/mapapi.bundle/images/pin_red@2x.png ... 
2021-04-02 07:52:18 +0000  2379 bytes for ./Payload/迈安途货主端.app/mapapi.bundle/images/pin_red@2x.png
2021-04-02 07:52:18 +0000  copying file ./Payload/迈安途货主端.app/mapapi.bundle/files/cfg/a/DVVersion.cfg ... 
2021-04-02 07:52:18 +0000  441 bytes for ./Payload/迈安途货主端.app/mapapi.bundle/files/cfg/a/DVVersion.cfg
2021-04-02 07:52:18 +0000  copying file ./Payload/迈安途货主端.app/mapapi.bundle/files/cfg/a/DVStreet.cfg ... 
2021-04-02 07:52:18 +0000  24669 bytes for ./Payload/迈安途货主端.app/mapapi.bundle/files/cfg/a/DVStreet.cfg
copying file ./Payload/迈安途货主端.app/mapapi.bundle/files/cfg/a/DVHotcity.cfg ... 
2021-04-02 07:52:18 +0000  1937 bytes for ./Payload/迈安途货主端.app/mapapi.bundle/files/cfg/a/DVHotcity.cfg
2021-04-02 07:52:18 +0000  copying file ./Payload/迈安途货主端.app/mapapi.bundle/files/cfg/a/DVDirectory.cfg ... 
2021-04-02 07:52:18 +0000  75971 bytes for ./Payload/迈安途货主端.app/mapapi.bundle/files/cfg/a/DVDirectory.cfg
copying file ./Payload/迈安途货主端.app/mapapi.bundle/files/cfg/a/DVHotMap.cfg ... 
2021-04-02 07:52:18 +0000  11174 bytes for ./Payload/迈安途货主端.app/mapapi.bundle/files/cfg/a/DVHotMap.cfg
copying file ./Payload/迈安途货主端.app/mapapi.bundle/files/cfg/a/DVSDirectory.cfg ... 
2021-04-02 07:52:18 +0000  7483 bytes for ./Payload/迈安途货主端.app/mapapi.bundle/files/cfg/a/DVSDirectory.cfg
2021-04-02 07:52:18 +0000  copying file ./Payload/迈安途货主端.app/mapapi.bundle/files/cfg/a/mode_1/reduct.sty ... 
2021-04-02 07:52:18 +0000  466440 bytes for ./Payload/迈安途货主端.app/mapapi.bundle/files/cfg/a/mode_1/reduct.sty
2021-04-02 07:52:18 +0000  copying file ./Payload/迈安途货主端.app/mapapi.bundle/files/cfg/a/mode_1/map.sty ... 
2021-04-02 07:52:18 +0000  914240 bytes for ./Payload/迈安途货主端.app/mapapi.bundle/files/cfg/a/mode_1/map.sty
2021-04-02 07:52:18 +0000  copying file ./Payload/迈安途货主端.app/mapapi.bundle/files/cfg/a/mode_1/traffic.sty ... 
2021-04-02 07:52:18 +0000  468628 bytes for ./Payload/迈安途货主端.app/mapapi.bundle/files/cfg/a/mode_1/traffic.sty
2021-04-02 07:52:18 +0000  copying file ./Payload/迈安途货主端.app/mapapi.bundle/files/cfg/a/mode_1/traffic.rs ... 
2021-04-02 07:52:18 +0000  131766 bytes for ./Payload/迈安途货主端.app/mapapi.bundle/files/cfg/a/mode_1/traffic.rs
copying file ./Payload/迈安途货主端.app/mapapi.bundle/files/cfg/a/mode_1/map.rs ... 
2021-04-02 07:52:18 +0000  1137093 bytes for ./Payload/迈安途货主端.app/mapapi.bundle/files/cfg/a/mode_1/map.rs
copying file ./Payload/迈安途货主端.app/mapapi.bundle/files/cfg/a/mode_1/reduct.rs ... 
2021-04-02 07:52:18 +0000  279264 bytes for ./Payload/迈安途货主端.app/mapapi.bundle/files/cfg/a/mode_1/reduct.rs
2021-04-02 07:52:18 +0000  copying file ./Payload/迈安途货主端.app/mapapi.bundle/files/cfg/idrres/baseindoormap.sty ... 
2021-04-02 07:52:18 +0000  67607 bytes for ./Payload/迈安途货主端.app/mapapi.bundle/files/cfg/idrres/baseindoormap.sty
copying file ./Payload/迈安途货主端.app/mapapi.bundle/files/cfg/idrres/ResPackIndoorMap.rs ... 
2021-04-02 07:52:18 +0000  617039 bytes for ./Payload/迈安途货主端.app/mapapi.bundle/files/cfg/idrres/ResPackIndoorMap.rs
copying file ./Payload/迈安途货主端.app/mapapi.bundle/files/cfg/idrres/DVIndoor.cfg ... 
2021-04-02 07:52:18 +0000  14524 bytes for ./Payload/迈安途货主端.app/mapapi.bundle/files/cfg/idrres/DVIndoor.cfg
2021-04-02 07:52:18 +0000  copying file ./Payload/迈安途货主端.app/GoodsinfoVC.nib/objects-11.0+.nib ... 
2021-04-02 07:52:18 +0000  4069 bytes for ./Payload/迈安途货主端.app/GoodsinfoVC.nib/objects-11.0+.nib
copying file ./Payload/迈安途货主端.app/GoodsinfoVC.nib/runtime.nib ... 
2021-04-02 07:52:18 +0000  3402 bytes for ./Payload/迈安途货主端.app/GoodsinfoVC.nib/runtime.nib
2021-04-02 07:52:18 +0000  copying file ./Payload/迈安途货主端.app/LaunchImage-1100-Portrait-2436h@3x.png ... 
2021-04-02 07:52:18 +0000  828180 bytes for ./Payload/迈安途货主端.app/LaunchImage-1100-Portrait-2436h@3x.png
copying file ./Payload/迈安途货主端.app/LaunchImage@2x.png ... 
2021-04-02 07:52:18 +0000  295706 bytes for ./Payload/迈安途货主端.app/LaunchImage@2x.png
2021-04-02 07:52:18 +0000  copying file ./Payload/迈安途货主端.app/StaypayCell.nib ... 
2021-04-02 07:52:18 +0000  10772 bytes for ./Payload/迈安途货主端.app/StaypayCell.nib
2021-04-02 07:52:18 +0000  copying file ./Payload/迈安途货主端.app/AddaddressVC.nib/objects-11.0+.nib ... 
2021-04-02 07:52:18 +0000  15837 bytes for ./Payload/迈安途货主端.app/AddaddressVC.nib/objects-11.0+.nib
2021-04-02 07:52:18 +0000  copying file ./Payload/迈安途货主端.app/AddaddressVC.nib/runtime.nib ... 
2021-04-02 07:52:18 +0000  15160 bytes for ./Payload/迈安途货主端.app/AddaddressVC.nib/runtime.nib
2021-04-02 07:52:18 +0000  copying file ./Payload/迈安途货主端.app/AppIcon20x20@2x.png ... 
2021-04-02 07:52:18 +0000  3196 bytes for ./Payload/迈安途货主端.app/AppIcon20x20@2x.png
copying file ./Payload/迈安途货主端.app/VoucherRemindView.nib ... 
2021-04-02 07:52:18 +0000  3457 bytes for ./Payload/迈安途货主端.app/VoucherRemindView.nib
2021-04-02 07:52:18 +0000  copying file ./Payload/迈安途货主端.app/AlipaySDK.bundle/shutdown@2x.png ... 
2021-04-02 07:52:18 +0000  222 bytes for ./Payload/迈安途货主端.app/AlipaySDK.bundle/shutdown@2x.png
copying file ./Payload/迈安途货主端.app/AlipaySDK.bundle/refresh@2x.png ... 
2021-04-02 07:52:18 +0000  605 bytes for ./Payload/迈安途货主端.app/AlipaySDK.bundle/refresh@2x.png
2021-04-02 07:52:18 +0000  copying file ./Payload/迈安途货主端.app/AlipaySDK.bundle/refresh_click@2x.png ... 
2021-04-02 07:52:18 +0000  1824 bytes for ./Payload/迈安途货主端.app/AlipaySDK.bundle/refresh_click@2x.png
copying file ./Payload/迈安途货主端.app/AlipaySDK.bundle/shutdown_click@2x.png ... 
2021-04-02 07:52:18 +0000  1319 bytes for ./Payload/迈安途货主端.app/AlipaySDK.bundle/shutdown_click@2x.png
2021-04-02 07:52:18 +0000  copying file ./Payload/迈安途货主端.app/AlipaySDK.bundle/bridge.js ... 
2021-04-02 07:52:18 +0000  1781 bytes for ./Payload/迈安途货主端.app/AlipaySDK.bundle/bridge.js
copying file ./Payload/迈安途货主端.app/AlipaySDK.bundle/bar@2x.png ... 
2021-04-02 07:52:18 +0000  1011 bytes for ./Payload/迈安途货主端.app/AlipaySDK.bundle/bar@2x.png
2021-04-02 07:52:18 +0000  copying file ./Payload/迈安途货主端.app/AlipaySDK.bundle/alipay_msp_refresh@2x.png ... 
2021-04-02 07:52:18 +0000  663 bytes for ./Payload/迈安途货主端.app/AlipaySDK.bundle/alipay_msp_refresh@2x.png
copying file ./Payload/迈安途货主端.app/AlipaySDK.bundle/alipay_msp_back@2x.png ... 
2021-04-02 07:52:18 +0000  409 bytes for ./Payload/迈安途货主端.app/AlipaySDK.bundle/alipay_msp_back@2x.png
2021-04-02 07:52:18 +0000  copying file ./Payload/迈安途货主端.app/VoucherDetail.storyboardc/VoucherDetailViewController.nib/objects-11.0+.nib ... 
2021-04-02 07:52:18 +0000  997 bytes for ./Payload/迈安途货主端.app/VoucherDetail.storyboardc/VoucherDetailViewController.nib/objects-11.0+.nib
2021-04-02 07:52:18 +0000  copying file ./Payload/迈安途货主端.app/VoucherDetail.storyboardc/VoucherDetailViewController.nib/runtime.nib ... 
2021-04-02 07:52:18 +0000  997 bytes for ./Payload/迈安途货主端.app/VoucherDetail.storyboardc/VoucherDetailViewController.nib/runtime.nib
2021-04-02 07:52:18 +0000  copying file ./Payload/迈安途货主端.app/VoucherDetail.storyboardc/Info.plist ... 
2021-04-02 07:52:18 +0000  179 bytes for ./Payload/迈安途货主端.app/VoucherDetail.storyboardc/Info.plist
2021-04-02 07:52:18 +0000  copying file ./Payload/迈安途货主端.app/VoucherDetail.storyboardc/ouL-aU-ddw-view-Cv2-4p-u34.nib/objects-11.0+.nib ... 
2021-04-02 07:52:18 +0000  8464 bytes for ./Payload/迈安途货主端.app/VoucherDetail.storyboardc/ouL-aU-ddw-view-Cv2-4p-u34.nib/objects-11.0+.nib
2021-04-02 07:52:18 +0000  copying file ./Payload/迈安途货主端.app/VoucherDetail.storyboardc/ouL-aU-ddw-view-Cv2-4p-u34.nib/runtime.nib ... 
2021-04-02 07:52:18 +0000  8533 bytes for ./Payload/迈安途货主端.app/VoucherDetail.storyboardc/ouL-aU-ddw-view-Cv2-4p-u34.nib/runtime.nib
2021-04-02 07:52:18 +0000  copying file ./Payload/迈安途货主端.app/AppIcon57x57.png ... 
2021-04-02 07:52:18 +0000  4475 bytes for ./Payload/迈安途货主端.app/AppIcon57x57.png
2021-04-02 07:52:18 +0000  copying file ./Payload/迈安途货主端.app/迈安途货主端 ... 
2021-04-02 07:52:20 +0000  31522032 bytes for ./Payload/迈安途货主端.app/迈安途货主端
2021-04-02 07:52:20 +0000  copying file ./Payload/迈安途货主端.app/MyHeaderCell.nib ... 
2021-04-02 07:52:20 +0000  19708 bytes for ./Payload/迈安途货主端.app/MyHeaderCell.nib
2021-04-02 07:52:20 +0000  copying file ./Payload/迈安途货主端.app/CertificationViewController.nib/objects-11.0+.nib ... 
2021-04-02 07:52:20 +0000  8292 bytes for ./Payload/迈安途货主端.app/CertificationViewController.nib/objects-11.0+.nib
2021-04-02 07:52:20 +0000  copying file ./Payload/迈安途货主端.app/CertificationViewController.nib/runtime.nib ... 
2021-04-02 07:52:20 +0000  7639 bytes for ./Payload/迈安途货主端.app/CertificationViewController.nib/runtime.nib
2021-04-02 07:52:20 +0000  copying file ./Payload/迈安途货主端.app/AppIcon20x20@3x.png ... 
2021-04-02 07:52:20 +0000  4635 bytes for ./Payload/迈安途货主端.app/AppIcon20x20@3x.png
2021-04-02 07:52:20 +0000  copying file ./Payload/迈安途货主端.app/AppIcon29x29.png ... 
2021-04-02 07:52:20 +0000  2002 bytes for ./Payload/迈安途货主端.app/AppIcon29x29.png
2021-04-02 07:52:20 +0000  copying file ./Payload/迈安途货主端.app/MJRefresh.bundle/arrow@2x.png ... 
2021-04-02 07:52:20 +0000  1033 bytes for ./Payload/迈安途货主端.app/MJRefresh.bundle/arrow@2x.png
2021-04-02 07:52:20 +0000  copying file ./Payload/迈安途货主端.app/JWAddress.plist ... 
2021-04-02 07:52:20 +0000  46771 bytes for ./Payload/迈安途货主端.app/JWAddress.plist
2021-04-02 07:52:20 +0000  copying file ./Payload/迈安途货主端.app/LaunchImage-568h@2x.png ... 
2021-04-02 07:52:20 +0000  305792 bytes for ./Payload/迈安途货主端.app/LaunchImage-568h@2x.png
copying file ./Payload/迈安途货主端.app/AppIcon60x60@2x.png ... 
2021-04-02 07:52:20 +0000  12704 bytes for ./Payload/迈安途货主端.app/AppIcon60x60@2x.png
copying file ./Payload/迈安途货主端.app/MainServerCell.nib ... 
2021-04-02 07:52:20 +0000  6022 bytes for ./Payload/迈安途货主端.app/MainServerCell.nib
2021-04-02 07:52:20 +0000  copying file ./Payload/迈安途货主端.app/MainfreightCell.nib ... 
2021-04-02 07:52:20 +0000  8529 bytes for ./Payload/迈安途货主端.app/MainfreightCell.nib
2021-04-02 07:52:20 +0000  copying file ./Payload/迈安途货主端.app/OrderinfoCell.nib ... 
2021-04-02 07:52:20 +0000  9599 bytes for ./Payload/迈安途货主端.app/OrderinfoCell.nib
2021-04-02 07:52:20 +0000  copying file ./Payload/迈安途货主端.app/AppIcon29x29@2x.png ... 
2021-04-02 07:52:20 +0000  4521 bytes for ./Payload/迈安途货主端.app/AppIcon29x29@2x.png
2021-04-02 07:52:20 +0000  copying file ./Payload/迈安途货主端.app/LaunchImage-800-667h@2x.png ... 
2021-04-02 07:52:20 +0000  380503 bytes for ./Payload/迈安途货主端.app/LaunchImage-800-667h@2x.png
2021-04-02 07:52:20 +0000  copying file ./Payload/迈安途货主端.app/AppIcon40x40@3x.png ... 
12704 bytes for ./Payload/迈安途货主端.app/AppIcon40x40@3x.png
copying file ./Payload/迈安途货主端.app/AppIcon57x57@2x.png ... 
11715 bytes for ./Payload/迈安途货主端.app/AppIcon57x57@2x.png
copying file ./Payload/迈安途货主端.app/liveness_headpose.model ... 
2021-04-02 07:52:20 +0000  956988 bytes for ./Payload/迈安途货主端.app/liveness_headpose.model
copying file ./Payload/迈安途货主端.app/VoucherSectionHeaderView.nib ... 
2021-04-02 07:52:20 +0000  4843 bytes for ./Payload/迈安途货主端.app/VoucherSectionHeaderView.nib
copying file ./Payload/迈安途货主端.app/AppIcon40x40@2x.png ... 
2021-04-02 07:52:20 +0000  7068 bytes for ./Payload/迈安途货主端.app/AppIcon40x40@2x.png
2021-04-02 07:52:20 +0000  copying file ./Payload/迈安途货主端.app/ChangePwdViewController.nib/objects-11.0+.nib ... 
2021-04-02 07:52:20 +0000  9523 bytes for ./Payload/迈安途货主端.app/ChangePwdViewController.nib/objects-11.0+.nib
2021-04-02 07:52:20 +0000  copying file ./Payload/迈安途货主端.app/ChangePwdViewController.nib/runtime.nib ... 
2021-04-02 07:52:20 +0000  8849 bytes for ./Payload/迈安途货主端.app/ChangePwdViewController.nib/runtime.nib
2021-04-02 07:52:20 +0000  copying file ./Payload/迈安途货主端.app/LaunchImage-1200-Portrait-2688h@3x.png ... 
2021-04-02 07:52:20 +0000  1017386 bytes for ./Payload/迈安途货主端.app/LaunchImage-1200-Portrait-2688h@3x.png
2021-04-02 07:52:20 +0000  copying file ./Payload/迈安途货主端.app/AppIcon29x29@3x.png ... 
2021-04-02 07:52:20 +0000  8121 bytes for ./Payload/迈安途货主端.app/AppIcon29x29@3x.png
copying file ./Payload/迈安途货主端.app/AppIcon60x60@3x.png ... 
2021-04-02 07:52:20 +0000  24035 bytes for ./Payload/迈安途货主端.app/AppIcon60x60@3x.png
2021-04-02 07:52:20 +0000  copying file ./Payload/迈安途货主端.app/Base.lproj/Main.storyboardc/UIViewController-BYZ-38-t0r.nib ... 
2021-04-02 07:52:20 +0000  916 bytes for ./Payload/迈安途货主端.app/Base.lproj/Main.storyboardc/UIViewController-BYZ-38-t0r.nib
copying file ./Payload/迈安途货主端.app/Base.lproj/Main.storyboardc/BYZ-38-t0r-view-8bC-Xf-vdC.nib ... 
2021-04-02 07:52:20 +0000  2052 bytes for ./Payload/迈安途货主端.app/Base.lproj/Main.storyboardc/BYZ-38-t0r-view-8bC-Xf-vdC.nib
2021-04-02 07:52:20 +0000  copying file ./Payload/迈安途货主端.app/Base.lproj/Main.storyboardc/Info.plist ... 
258 bytes for ./Payload/迈安途货主端.app/Base.lproj/Main.storyboardc/Info.plist
2021-04-02 07:52:20 +0000  copying file ./Payload/迈安途货主端.app/Base.lproj/LaunchScreen.storyboardc/01J-lp-oVM-view-Ze5-6b-2t3.nib ... 
2021-04-02 07:52:20 +0000  2053 bytes for ./Payload/迈安途货主端.app/Base.lproj/LaunchScreen.storyboardc/01J-lp-oVM-view-Ze5-6b-2t3.nib
2021-04-02 07:52:20 +0000  copying file ./Payload/迈安途货主端.app/Base.lproj/LaunchScreen.storyboardc/UIViewController-01J-lp-oVM.nib ... 
2021-04-02 07:52:20 +0000  896 bytes for ./Payload/迈安途货主端.app/Base.lproj/LaunchScreen.storyboardc/UIViewController-01J-lp-oVM.nib
copying file ./Payload/迈安途货主端.app/Base.lproj/LaunchScreen.storyboardc/Info.plist ... 
2021-04-02 07:52:20 +0000  258 bytes for ./Payload/迈安途货主端.app/Base.lproj/LaunchScreen.storyboardc/Info.plist
2021-04-02 07:52:20 +0000  copying file ./Payload/迈安途货主端.app/liveness_face.model ... 
2021-04-02 07:52:20 +0000  4887760 bytes for ./Payload/迈安途货主端.app/liveness_face.model
copying file ./Payload/迈安途货主端.app/VoucherDetailViewCell.nib ... 
2021-04-02 07:52:20 +0000  5330 bytes for ./Payload/迈安途货主端.app/VoucherDetailViewCell.nib
copying file ./Payload/迈安途货主端.app/route_car.png ... 
2021-04-02 07:52:20 +0000  3918 bytes for ./Payload/迈安途货主端.app/route_car.png
copying file ./Payload/迈安途货主端.app/liveness_eye.model ... 
2021-04-02 07:52:20 +0000  432312 bytes for ./Payload/迈安途货主端.app/liveness_eye.model
copying file ./Payload/迈安途货主端.app/Assets.car ... 
2021-04-02 07:52:21 +0000  11333480 bytes for ./Payload/迈安途货主端.app/Assets.car
copying file ./Payload/迈安途货主端.app/InvoiceHeaderView.nib ... 
2021-04-02 07:52:21 +0000  16959 bytes for ./Payload/迈安途货主端.app/InvoiceHeaderView.nib
copying file ./Payload/迈安途货主端.app/OrderChangeInfoView.nib ... 
2021-04-02 07:52:21 +0000  8489 bytes for ./Payload/迈安途货主端.app/OrderChangeInfoView.nib
copying file ./Payload/迈安途货主端.app/Accounts ... 
2021-04-02 07:52:21 +0000  102 bytes for ./Payload/迈安途货主端.app/Accounts
2021-04-02 07:52:21 +0000  copying file ./Payload/迈安途货主端.app/CLLiveCheckBundle.bundle/images/timeOut.png ... 
2021-04-02 07:52:21 +0000  104709 bytes for ./Payload/迈安途货主端.app/CLLiveCheckBundle.bundle/images/timeOut.png
2021-04-02 07:52:21 +0000  copying file ./Payload/迈安途货主端.app/CLLiveCheckBundle.bundle/images/icon_glasses.png ... 
2021-04-02 07:52:21 +0000  18262 bytes for ./Payload/迈安途货主端.app/CLLiveCheckBundle.bundle/images/icon_glasses.png
2021-04-02 07:52:21 +0000  copying file ./Payload/迈安途货主端.app/CLLiveCheckBundle.bundle/images/voiceClose.png ... 
2021-04-02 07:52:21 +0000  1952 bytes for ./Payload/迈安途货主端.app/CLLiveCheckBundle.bundle/images/voiceClose.png
copying file ./Payload/迈安途货主端.app/CLLiveCheckBundle.bundle/images/icon_phone.png ... 
2021-04-02 07:52:21 +0000  16765 bytes for ./Payload/迈安途货主端.app/CLLiveCheckBundle.bundle/images/icon_phone.png
2021-04-02 07:52:21 +0000  copying file ./Payload/迈安途货主端.app/CLLiveCheckBundle.bundle/images/icon_light.png ... 
2021-04-02 07:52:21 +0000  17982 bytes for ./Payload/迈安途货主端.app/CLLiveCheckBundle.bundle/images/icon_light.png
2021-04-02 07:52:21 +0000  copying file ./Payload/迈安途货主端.app/CLLiveCheckBundle.bundle/images/title_back@2x.png ... 
2021-04-02 07:52:21 +0000  807 bytes for ./Payload/迈安途货主端.app/CLLiveCheckBundle.bundle/images/title_back@2x.png
copying file ./Payload/迈安途货主端.app/CLLiveCheckBundle.bundle/images/voiceOpen.png ... 
2021-04-02 07:52:21 +0000  1495 bytes for ./Payload/迈安途货主端.app/CLLiveCheckBundle.bundle/images/voiceOpen.png
2021-04-02 07:52:21 +0000  copying file ./Payload/迈安途货主端.app/CLLiveCheckBundle.bundle/images/icon_time.png ... 
2021-04-02 07:52:21 +0000  18048 bytes for ./Payload/迈安途货主端.app/CLLiveCheckBundle.bundle/images/icon_time.png
2021-04-02 07:52:21 +0000  copying file ./Payload/迈安途货主端.app/CLLiveCheckBundle.bundle/gifImages/blink.gif ... 
2021-04-02 07:52:21 +0000  14088 bytes for ./Payload/迈安途货主端.app/CLLiveCheckBundle.bundle/gifImages/blink.gif
2021-04-02 07:52:21 +0000  copying file ./Payload/迈安途货主端.app/CLLiveCheckBundle.bundle/gifImages/nod.gif ... 
2021-04-02 07:52:21 +0000  15308 bytes for ./Payload/迈安途货主端.app/CLLiveCheckBundle.bundle/gifImages/nod.gif
2021-04-02 07:52:21 +0000  copying file ./Payload/迈安途货主端.app/CLLiveCheckBundle.bundle/gifImages/yaw.gif ... 
2021-04-02 07:52:21 +0000  15336 bytes for ./Payload/迈安途货主端.app/CLLiveCheckBundle.bundle/gifImages/yaw.gif
2021-04-02 07:52:21 +0000  copying file ./Payload/迈安途货主端.app/CLLiveCheckBundle.bundle/gifImages/mouth.gif ... 
2021-04-02 07:52:21 +0000  13820 bytes for ./Payload/迈安途货主端.app/CLLiveCheckBundle.bundle/gifImages/mouth.gif
2021-04-02 07:52:21 +0000  copying file ./Payload/迈安途货主端.app/CLLiveCheckBundle.bundle/models/track.model ... 
2021-04-02 07:52:21 +0000  215072 bytes for ./Payload/迈安途货主端.app/CLLiveCheckBundle.bundle/models/track.model
copying file ./Payload/迈安途货主端.app/CLLiveCheckBundle.bundle/models/detect.model ... 
2021-04-02 07:52:21 +0000  512032 bytes for ./Payload/迈安途货主端.app/CLLiveCheckBundle.bundle/models/detect.model
copying file ./Payload/迈安途货主端.app/CLLiveCheckBundle.bundle/models/liveness.model ... 
2021-04-02 07:52:21 +0000  162848 bytes for ./Payload/迈安途货主端.app/CLLiveCheckBundle.bundle/models/liveness.model
2021-04-02 07:52:21 +0000  copying file ./Payload/迈安途货主端.app/CLLiveCheckBundle.bundle/sounds/checklive_blink.mp3 ... 
2021-04-02 07:52:21 +0000  42731 bytes for ./Payload/迈安途货主端.app/CLLiveCheckBundle.bundle/sounds/checklive_blink.mp3
copying file ./Payload/迈安途货主端.app/CLLiveCheckBundle.bundle/sounds/checklive_yaw.mp3 ... 
2021-04-02 07:52:21 +0000  42731 bytes for ./Payload/迈安途货主端.app/CLLiveCheckBundle.bundle/sounds/checklive_yaw.mp3
copying file ./Payload/迈安途货主端.app/CLLiveCheckBundle.bundle/sounds/checklive_nod.mp3 ... 
2021-04-02 07:52:21 +0000  42731 bytes for ./Payload/迈安途货主端.app/CLLiveCheckBundle.bundle/sounds/checklive_nod.mp3
copying file ./Payload/迈安途货主端.app/CLLiveCheckBundle.bundle/sounds/checklive_mouth.mp3 ... 
2021-04-02 07:52:21 +0000  42731 bytes for ./Payload/迈安途货主端.app/CLLiveCheckBundle.bundle/sounds/checklive_mouth.mp3
2021-04-02 07:52:21 +0000  copying file ./Payload/迈安途货主端.app/CLLiveCheckBundle.bundle/Info.plist ... 
2021-04-02 07:52:21 +0000  815 bytes for ./Payload/迈安途货主端.app/CLLiveCheckBundle.bundle/Info.plist
2021-04-02 07:52:21 +0000  copying file ./Payload/迈安途货主端.app/LoginViewController.nib/objects-11.0+.nib ... 
2021-04-02 07:52:21 +0000  9280 bytes for ./Payload/迈安途货主端.app/LoginViewController.nib/objects-11.0+.nib
2021-04-02 07:52:21 +0000  copying file ./Payload/迈安途货主端.app/LoginViewController.nib/runtime.nib ... 
2021-04-02 07:52:21 +0000  8619 bytes for ./Payload/迈安途货主端.app/LoginViewController.nib/runtime.nib
2021-04-02 07:52:21 +0000  copying file ./Payload/迈安途货主端.app/LaunchImage-800-Portrait-736h@3x.png ... 
2021-04-02 07:52:21 +0000  927849 bytes for ./Payload/迈安途货主端.app/LaunchImage-800-Portrait-736h@3x.png
copying file ./Payload/迈安途货主端.app/PieceOrderViewCell.nib ... 
2021-04-02 07:52:21 +0000  12572 bytes for ./Payload/迈安途货主端.app/PieceOrderViewCell.nib
copying file ./Payload/迈安途货主端.app/MainAddressCell.nib ... 
2021-04-02 07:52:21 +0000  10319 bytes for ./Payload/迈安途货主端.app/MainAddressCell.nib
2021-04-02 07:52:21 +0000  copying file ./Payload/迈安途货主端.app/CarTypeVC.nib/objects-11.0+.nib ... 
2021-04-02 07:52:21 +0000  11219 bytes for ./Payload/迈安途货主端.app/CarTypeVC.nib/objects-11.0+.nib
copying file ./Payload/迈安途货主端.app/CarTypeVC.nib/runtime.nib ... 
2021-04-02 07:52:21 +0000  10555 bytes for ./Payload/迈安途货主端.app/CarTypeVC.nib/runtime.nib
2021-04-02 07:52:21 +0000  copying file ./Payload/迈安途货主端.app/LaunchImage-700@2x.png ... 
2021-04-02 07:52:21 +0000  298502 bytes for ./Payload/迈安途货主端.app/LaunchImage-700@2x.png
copying file ./Payload/迈安途货主端.app/ForBiddenGoodsView.nib ... 
2021-04-02 07:52:21 +0000  2230 bytes for ./Payload/迈安途货主端.app/ForBiddenGoodsView.nib
copying file ./Payload/迈安途货主端.app/AlterPopView.nib ... 
2021-04-02 07:52:21 +0000  7529 bytes for ./Payload/迈安途货主端.app/AlterPopView.nib
2021-04-02 07:52:21 +0000  copying file ./Payload/迈安途货主端.app/LaunchImage-700-568h@2x.png ... 
2021-04-02 07:52:21 +0000  283960 bytes for ./Payload/迈安途货主端.app/LaunchImage-700-568h@2x.png
copying file ./Payload/迈安途货主端.app/SFAddressViewCell.nib ... 
2021-04-02 07:52:21 +0000  5983 bytes for ./Payload/迈安途货主端.app/SFAddressViewCell.nib
copying file ./Payload/迈安途货主端.app/OrderListCell.nib ... 
2021-04-02 07:52:21 +0000  10820 bytes for ./Payload/迈安途货主端.app/OrderListCell.nib
2021-04-02 07:52:21 +0000  copying file ./Payload/迈安途货主端.app/LaunchImage-1200-Portrait-1792h@2x.png ... 
2021-04-02 07:52:21 +0000  491749 bytes for ./Payload/迈安途货主端.app/LaunchImage-1200-Portrait-1792h@2x.png
2021-04-02 07:52:21 +0000  copying file ./Payload/迈安途货主端.app/RegisteredViewController.nib/objects-11.0+.nib ... 
2021-04-02 07:52:21 +0000  15354 bytes for ./Payload/迈安途货主端.app/RegisteredViewController.nib/objects-11.0+.nib
2021-04-02 07:52:21 +0000  copying file ./Payload/迈安途货主端.app/RegisteredViewController.nib/runtime.nib ... 
2021-04-02 07:52:21 +0000  14692 bytes for ./Payload/迈安途货主端.app/RegisteredViewController.nib/runtime.nib
2021-04-02 07:52:21 +0000  copying file ./Payload/迈安途货主端.app/OrderBeizhuCell.nib ... 
2021-04-02 07:52:21 +0000  6767 bytes for ./Payload/迈安途货主端.app/OrderBeizhuCell.nib
2021-04-02 07:52:21 +0000  copying file ./Payload/迈安途货主端.app/OrderPingjiaCell.nib ... 
2021-04-02 07:52:21 +0000  16268 bytes for ./Payload/迈安途货主端.app/OrderPingjiaCell.nib
2021-04-02 07:52:21 +0000  copying file ./Payload/迈安途货主端.app/AddressbookVC.nib/objects-11.0+.nib ... 
2021-04-02 07:52:21 +0000  6623 bytes for ./Payload/迈安途货主端.app/AddressbookVC.nib/objects-11.0+.nib
2021-04-02 07:52:21 +0000  copying file ./Payload/迈安途货主端.app/AddressbookVC.nib/runtime.nib ... 
2021-04-02 07:52:21 +0000  6020 bytes for ./Payload/迈安途货主端.app/AddressbookVC.nib/runtime.nib
2021-04-02 07:52:21 +0000  copying file ./Payload/迈安途货主端.app/MyCenterCell.nib ... 
2021-04-02 07:52:21 +0000  3667 bytes for ./Payload/迈安途货主端.app/MyCenterCell.nib
2021-04-02 07:52:21 +0000  copying file ./Payload/迈安途货主端.app/OrderoneCell.nib ... 
2021-04-02 07:52:21 +0000  5268 bytes for ./Payload/迈安途货主端.app/OrderoneCell.nib
2021-04-02 07:52:21 +0000  copying file ./Payload/迈安途货主端.app/MainInfoTableViewCell.nib ... 
2021-04-02 07:52:21 +0000  7716 bytes for ./Payload/迈安途货主端.app/MainInfoTableViewCell.nib
2021-04-02 07:52:21 +0000  copying file ./Payload/迈安途货主端.app/FinishCell.nib ... 
2021-04-02 07:52:21 +0000  11718 bytes for ./Payload/迈安途货主端.app/FinishCell.nib
2021-04-02 07:52:21 +0000  copying file ./Payload/迈安途货主端.app/LaunchImage.png ... 
2021-04-02 07:52:21 +0000  82788 bytes for ./Payload/迈安途货主端.app/LaunchImage.png
copying file ./Payload/迈安途货主端.app/embedded.mobileprovision ... 
2021-04-02 07:52:21 +0000  7923 bytes for ./Payload/迈安途货主端.app/embedded.mobileprovision
2021-04-02 07:52:21 +0000  copying file ./Payload/迈安途货主端.app/SettingViewController.nib/objects-11.0+.nib ... 
2021-04-02 07:52:21 +0000  9932 bytes for ./Payload/迈安途货主端.app/SettingViewController.nib/objects-11.0+.nib
2021-04-02 07:52:21 +0000  copying file ./Payload/迈安途货主端.app/SettingViewController.nib/runtime.nib ... 
2021-04-02 07:52:21 +0000  9268 bytes for ./Payload/迈安途货主端.app/SettingViewController.nib/runtime.nib
2021-04-02 07:52:21 +0000  copying file ./Payload/迈安途货主端.app/MyFooterCell.nib ... 
2021-04-02 07:52:21 +0000  10007 bytes for ./Payload/迈安途货主端.app/MyFooterCell.nib
2021-04-02 07:52:21 +0000  copying file ./Payload/迈安途货主端.app/VoucherView.nib ... 
2021-04-02 07:52:21 +0000  3864 bytes for ./Payload/迈安途货主端.app/VoucherView.nib
2021-04-02 07:52:21 +0000  copying file ./Payload/迈安途货主端.app/AddressbookCell.nib ... 
2021-04-02 07:52:21 +0000  7650 bytes for ./Payload/迈安途货主端.app/AddressbookCell.nib
2021-04-02 07:52:21 +0000  copying file ./Payload/迈安途货主端.app/OrderAddressCell.nib ... 
2021-04-02 07:52:21 +0000  11984 bytes for ./Payload/迈安途货主端.app/OrderAddressCell.nib
2021-04-02 07:52:21 +0000  copying file ./Payload/迈安途货主端.app/Info.plist ... 
2021-04-02 07:52:21 +0000  3296 bytes for ./Payload/迈安途货主端.app/Info.plist
2021-04-02 07:52:21 +0000  copying file ./Payload/迈安途货主端.app/PkgInfo ... 
2021-04-02 07:52:21 +0000  8 bytes for ./Payload/迈安途货主端.app/PkgInfo
copying file ./Payload/迈安途货主端.app/LocationViewController.nib/objects-11.0+.nib ... 
2021-04-02 07:52:21 +0000  5908 bytes for ./Payload/迈安途货主端.app/LocationViewController.nib/objects-11.0+.nib
2021-04-02 07:52:21 +0000  copying file ./Payload/迈安途货主端.app/LocationViewController.nib/runtime.nib ... 
2021-04-02 07:52:21 +0000  5234 bytes for ./Payload/迈安途货主端.app/LocationViewController.nib/runtime.nib
2021-04-02 07:52:21 +0000  copying file ./Payload/迈安途货主端.app/MaininforCell.nib ... 
2021-04-02 07:52:21 +0000  10224 bytes for ./Payload/迈安途货主端.app/MaininforCell.nib
2021-04-02 07:52:21 +0000  /usr/bin/ditto exited with 0
2021-04-02 07:52:21 +0000  Processing step: IDEDistributionAppStoreInformationStep
2021-04-02 07:52:21 +0000  Skipping step: IDEDistributionAppStoreInformationStep because it said so
2021-04-02 07:52:21 +0000  Processing step: IDEDistributionGenerateProcessedDistributionItems
2021-04-02 07:52:21 +0000  IDEDistributionItem init <DVTFilePath:0x7fcbee40a030:'/var/folders/g3/khmr_5wj2c3dfx5tnhqh37ch0000gn/T/XcodeDistPipeline.~~~D0ucY7/Root/Payload/迈安途货主端.app'>
2021-04-02 07:52:21 +0000  Processing step: IDEDistributionCreateManifestStep
